#
# A fatal error has been detected by the Java Runtime Environment:
#
#  Internal Error (chaitin.cpp:904), pid=8608, tid=0x00007f7da3b1d700
#  Error: ShouldNotReachHere()
#
# JRE version: OpenJDK Runtime Environment (8.0_202) (build 1.8.0_202-release-1483-b49-5587405)
# Java VM: OpenJDK 64-Bit Server VM (25.202-b49-5587405 mixed mode linux-amd64 compressed oops)
# Failed to write core dump. Core dumps have been disabled. To enable core dumping, try "ulimit -c unlimited" before starting Java again
#
# If you would like to submit a bug report, please visit:
#   http://bugreport.java.com/bugreport/crash.jsp
#

---------------  T H R E A D  ---------------

Current thread (0x00007f7dc00b9800):  JavaThread "C2 CompilerThread0" daemon [_thread_in_native, id=8620, stack(0x00007f7da3a1e000,0x00007f7da3b1e000)]

Stack: [0x00007f7da3a1e000,0x00007f7da3b1e000],  sp=0x00007f7da3b19720,  free space=1005k
Native frames: (J=compiled Java code, j=interpreted, Vv=VM code, C=native code)
V  [libjvm.so+0xa08b78]  VMError::report_and_die()+0x148
V  [libjvm.so+0x4d422f]  report_should_not_reach_here(char const*, int)+0x4f
V  [libjvm.so+0x3f4663]  PhaseChaitin::gather_lrg_masks(bool) [clone .constprop.210]+0x813
V  [libjvm.so+0x3f92ea]  PhaseChaitin::Register_Allocate()+0x5da
V  [libjvm.so+0x480586]  Compile::Code_Gen()+0x2e6
V  [libjvm.so+0x48191e]  Compile::Compile(ciEnv*, C2Compiler*, ciMethod*, int, bool, bool, bool)+0x113e
V  [libjvm.so+0x3dd268]  C2Compiler::compile_method(ciEnv*, ciMethod*, int)+0x1c8
V  [libjvm.so+0x489e16]  CompileBroker::invoke_compiler_on_method(CompileTask*)+0x826
V  [libjvm.so+0x48acd8]  CompileBroker::compiler_thread_loop()+0x4e8
V  [libjvm.so+0x9b4e28]  JavaThread::thread_main_inner()+0xd8
V  [libjvm.so+0x86d652]  java_start(Thread*)+0xf2
C  [libpthread.so.0+0x76db]  start_thread+0xdb


Current CompileTask:
C2:   7114 2184   !   4       java.net.URLClassLoader$1::run (63 bytes)


---------------  P R O C E S S  ---------------

Java Threads: ( => current thread )
  0x00007f7d59065800 JavaThread "Cache worker for execution history cache (/home/slip/.gradle/caches/5.4.1/executionHistory)" [_thread_blocked, id=8649, stack(0x00007f7d71413000,0x00007f7d71514000)]
  0x00007f7d582bf800 JavaThread "Cache worker for cache directory md-rule (/home/slip/.gradle/caches/5.4.1/md-rule)" [_thread_blocked, id=8648, stack(0x00007f7d71514000,0x00007f7d71615000)]
  0x00007f7d58fde000 JavaThread "Cache worker for cache directory md-supplier (/home/slip/.gradle/caches/5.4.1/md-supplier)" [_thread_blocked, id=8647, stack(0x00007f7d71615000,0x00007f7d71716000)]
  0x00007f7d5898f800 JavaThread "Cache worker for file hash cache (/home/slip/AndroidStudioProjects/Carona_UFC/.gradle/5.4.1/fileHashes)" [_thread_blocked, id=8646, stack(0x00007f7d723bf000,0x00007f7d724c0000)]
  0x00007f7d58119000 JavaThread "Cache worker for journal cache (/home/slip/.gradle/caches/journal-1)" [_thread_blocked, id=8645, stack(0x00007f7d726c0000,0x00007f7d727c1000)]
  0x00007f7d58116000 JavaThread "File lock request listener" [_thread_in_native, id=8644, stack(0x00007f7d727c1000,0x00007f7d728c2000)]
  0x00007f7d58111800 JavaThread "Cache worker for file hash cache (/home/slip/.gradle/caches/5.4.1/fileHashes)" [_thread_blocked, id=8643, stack(0x00007f7d728c2000,0x00007f7d729c3000)]
  0x00007f7d58015000 JavaThread "Thread-9" [_thread_blocked, id=8642, stack(0x00007f7d72bc3000,0x00007f7d72cc4000)]
  0x00007f7d5800e000 JavaThread "Stdin handler" [_thread_blocked, id=8641, stack(0x00007f7d72cc4000,0x00007f7d72dc5000)]
  0x00007f7d5800c800 JavaThread "Asynchronous log dispatcher for DefaultDaemonConnection: socket connection from /127.0.0.1:45819 to /127.0.0.1:32998" [_thread_blocked, id=8640, stack(0x00007f7d72dc5000,0x00007f7d72ec6000)]
  0x00007f7d5c008000 JavaThread "Daemon worker" [_thread_in_vm, id=8637, stack(0x00007f7d72ec6000,0x00007f7d72fc7000)]
  0x00007f7d5c006000 JavaThread "Cancel handler" [_thread_blocked, id=8636, stack(0x00007f7d72fc7000,0x00007f7d730c8000)]
  0x00007f7d5c004000 JavaThread "Handler for socket connection from /127.0.0.1:45819 to /127.0.0.1:32998" [_thread_in_native, id=8635, stack(0x00007f7d730c8000,0x00007f7d731c9000)]
  0x00007f7d64029800 JavaThread "Daemon" [_thread_blocked, id=8634, stack(0x00007f7d731c9000,0x00007f7d732ca000)]
  0x00007f7dc026d800 JavaThread "Daemon periodic checks" [_thread_blocked, id=8633, stack(0x00007f7d732ca000,0x00007f7d733cb000)]
  0x00007f7dc02a6800 JavaThread "Incoming local TCP Connector on port 45819" [_thread_in_native, id=8632, stack(0x00007f7d733d2000,0x00007f7d734d3000)]
  0x00007f7dc1148000 JavaThread "Daemon health stats" [_thread_blocked, id=8629, stack(0x00007f7d736d7000,0x00007f7d737d8000)]
  0x00007f7dc00e3800 JavaThread "Service Thread" daemon [_thread_blocked, id=8623, stack(0x00007f7da371a000,0x00007f7da381b000)]
  0x00007f7dc00be800 JavaThread "C1 CompilerThread2" daemon [_thread_in_native, id=8622, stack(0x00007f7da381c000,0x00007f7da391c000)]
  0x00007f7dc00bc800 JavaThread "C2 CompilerThread1" daemon [_thread_in_vm, id=8621, stack(0x00007f7da391d000,0x00007f7da3a1d000)]
=>0x00007f7dc00b9800 JavaThread "C2 CompilerThread0" daemon [_thread_in_native, id=8620, stack(0x00007f7da3a1e000,0x00007f7da3b1e000)]
  0x00007f7dc00b5800 JavaThread "Signal Dispatcher" daemon [_thread_blocked, id=8619, stack(0x00007f7da3b1e000,0x00007f7da3c1f000)]
  0x00007f7dc0085800 JavaThread "Finalizer" daemon [_thread_blocked, id=8618, stack(0x00007f7da3eff000,0x00007f7da4000000)]
  0x00007f7dc0083000 JavaThread "Reference Handler" daemon [_thread_blocked, id=8617, stack(0x00007f7da80f1000,0x00007f7da81f2000)]
  0x00007f7dc000b800 JavaThread "main" [_thread_blocked, id=8611, stack(0x00007f7dc719e000,0x00007f7dc729e000)]

Other Threads:
  0x00007f7dc0079800 VMThread [stack: 0x00007f7da81f3000,0x00007f7da82f3000] [id=8616]
  0x00007f7dc00e6000 WatcherThread [stack: 0x00007f7da361a000,0x00007f7da371a000] [id=8624]

VM state:not at safepoint (normal execution)

VM Mutex/Monitor currently owned by a thread:  ([mutex/lock_event])
[0x00007f7dc00073f0] CodeCache_lock - owner thread: 0x00007f7dc00bc800

heap address: 0x00000000a0000000, size: 1536 MB, Compressed Oops mode: 32-bit
Narrow klass base: 0x0000000000000000, Narrow klass shift: 3
Compressed class space size: 1073741824 Address: 0x0000000100000000

Heap:
 PSYoungGen      total 132096K, used 32842K [0x00000000e0000000, 0x00000000ed100000, 0x0000000100000000)
  eden space 126976K, 21% used [0x00000000e0000000,0x00000000e1b12bc8,0x00000000e7c00000)
  from space 5120K, 100% used [0x00000000e7c00000,0x00000000e8100000,0x00000000e8100000)
  to   space 15360K, 0% used [0x00000000ec200000,0x00000000ec200000,0x00000000ed100000)
 ParOldGen       total 67072K, used 17744K [0x00000000a0000000, 0x00000000a4180000, 0x00000000e0000000)
  object space 67072K, 26% used [0x00000000a0000000,0x00000000a11543c0,0x00000000a4180000)
 Metaspace       used 32800K, capacity 33394K, committed 33664K, reserved 1079296K
  class space    used 4523K, capacity 4706K, committed 4736K, reserved 1048576K

Card table byte_map: [0x00007f7dc46b7000,0x00007f7dc49b8000] byte_map_base: 0x00007f7dc41b7000

Marking Bits: (ParMarkBitMap*) 0x00007f7dc686b920
 Begin Bits: [0x00007f7da9000000, 0x00007f7daa800000)
 End Bits:   [0x00007f7daa800000, 0x00007f7dac000000)

Polling page: 0x00007f7dc72c3000

CodeCache: size=245760Kb used=8466Kb max_used=8466Kb free=237293Kb
 bounds [0x00007f7db1000000, 0x00007f7db1850000, 0x00007f7dc0000000]
 total_blobs=3183 nmethods=2498 adapters=597
 compilation: enabled

Compilation events (10 events):
Event: 7,095 Thread 0x00007f7dc00be800 2525       1       org.gradle.internal.io.StreamByteBuffer::getInputStream (5 bytes)
Event: 7,095 Thread 0x00007f7dc00be800 nmethod 2525 0x00007f7db1844410 code [0x00007f7db1844560, 0x00007f7db1844670]
Event: 7,095 Thread 0x00007f7dc00be800 2526       1       org.gradle.internal.io.StreamByteBuffer::access$100 (5 bytes)
Event: 7,095 Thread 0x00007f7dc00be800 nmethod 2526 0x00007f7db18446d0 code [0x00007f7db1844820, 0x00007f7db1844910]
Event: 7,095 Thread 0x00007f7dc00be800 2517       1       org.gradle.api.internal.artifacts.dependencies.DefaultResolvedVersionConstraint::getRequiredSelector (5 bytes)
Event: 7,095 Thread 0x00007f7dc00be800 nmethod 2517 0x00007f7db1844990 code [0x00007f7db1844ae0, 0x00007f7db1844bf0]
Event: 7,095 Thread 0x00007f7dc00be800 2527       1       org.gradle.api.internal.artifacts.ivyservice.ivyresolve.RepositoryBlacklister$NoOpBlacklister::isBlacklisted (2 bytes)
Event: 7,095 Thread 0x00007f7dc00be800 nmethod 2527 0x00007f7db1844c50 code [0x00007f7db1844da0, 0x00007f7db1844eb0]
Event: 7,095 Thread 0x00007f7dc00be800 2528       1       org.gradle.api.internal.artifacts.repositories.resolver.MavenResolver::getLocalAccess (5 bytes)
Event: 7,095 Thread 0x00007f7dc00be800 nmethod 2528 0x00007f7db1844f10 code [0x00007f7db1845060, 0x00007f7db1845170]

GC Heap History (10 events):
Event: 1,384 GC heap before
{Heap before GC invocations=2 (full 0):
 PSYoungGen      total 36864K, used 35952K [0x00000000e0000000, 0x00000000e4800000, 0x0000000100000000)
  eden space 31744K, 100% used [0x00000000e0000000,0x00000000e1f00000,0x00000000e1f00000)
  from space 5120K, 82% used [0x00000000e1f00000,0x00000000e231c2f0,0x00000000e2400000)
  to   space 5120K, 0% used [0x00000000e4300000,0x00000000e4300000,0x00000000e4800000)
 ParOldGen       total 84992K, used 8K [0x00000000a0000000, 0x00000000a5300000, 0x00000000e0000000)
  object space 84992K, 0% used [0x00000000a0000000,0x00000000a0002000,0x00000000a5300000)
 Metaspace       used 8976K, capacity 9290K, committed 9472K, reserved 1056768K
  class space    used 1189K, capacity 1265K, committed 1280K, reserved 1048576K
Event: 1,389 GC heap after
Heap after GC invocations=2 (full 0):
 PSYoungGen      total 68608K, used 4513K [0x00000000e0000000, 0x00000000e4800000, 0x0000000100000000)
  eden space 63488K, 0% used [0x00000000e0000000,0x00000000e0000000,0x00000000e3e00000)
  from space 5120K, 88% used [0x00000000e4300000,0x00000000e47685c0,0x00000000e4800000)
  to   space 5120K, 0% used [0x00000000e3e00000,0x00000000e3e00000,0x00000000e4300000)
 ParOldGen       total 84992K, used 16K [0x00000000a0000000, 0x00000000a5300000, 0x00000000e0000000)
  object space 84992K, 0% used [0x00000000a0000000,0x00000000a0004000,0x00000000a5300000)
 Metaspace       used 8976K, capacity 9290K, committed 9472K, reserved 1056768K
  class space    used 1189K, capacity 1265K, committed 1280K, reserved 1048576K
}
Event: 2,297 GC heap before
{Heap before GC invocations=3 (full 0):
 PSYoungGen      total 68608K, used 68001K [0x00000000e0000000, 0x00000000e4800000, 0x0000000100000000)
  eden space 63488K, 100% used [0x00000000e0000000,0x00000000e3e00000,0x00000000e3e00000)
  from space 5120K, 88% used [0x00000000e4300000,0x00000000e47685c0,0x00000000e4800000)
  to   space 5120K, 0% used [0x00000000e3e00000,0x00000000e3e00000,0x00000000e4300000)
 ParOldGen       total 84992K, used 16K [0x00000000a0000000, 0x00000000a5300000, 0x00000000e0000000)
  object space 84992K, 0% used [0x00000000a0000000,0x00000000a0004000,0x00000000a5300000)
 Metaspace       used 15331K, capacity 15742K, committed 16000K, reserved 1062912K
  class space    used 2200K, capacity 2321K, committed 2432K, reserved 1048576K
Event: 2,321 GC heap after
Heap after GC invocations=3 (full 0):
 PSYoungGen      total 68608K, used 5088K [0x00000000e0000000, 0x00000000e8600000, 0x0000000100000000)
  eden space 63488K, 0% used [0x00000000e0000000,0x00000000e0000000,0x00000000e3e00000)
  from space 5120K, 99% used [0x00000000e3e00000,0x00000000e42f8030,0x00000000e4300000)
  to   space 5120K, 0% used [0x00000000e8100000,0x00000000e8100000,0x00000000e8600000)
 ParOldGen       total 84992K, used 5117K [0x00000000a0000000, 0x00000000a5300000, 0x00000000e0000000)
  object space 84992K, 6% used [0x00000000a0000000,0x00000000a04ff748,0x00000000a5300000)
 Metaspace       used 15331K, capacity 15742K, committed 16000K, reserved 1062912K
  class space    used 2200K, capacity 2321K, committed 2432K, reserved 1048576K
}
Event: 3,516 GC heap before
{Heap before GC invocations=4 (full 0):
 PSYoungGen      total 68608K, used 52784K [0x00000000e0000000, 0x00000000e8600000, 0x0000000100000000)
  eden space 63488K, 75% used [0x00000000e0000000,0x00000000e2e94128,0x00000000e3e00000)
  from space 5120K, 99% used [0x00000000e3e00000,0x00000000e42f8030,0x00000000e4300000)
  to   space 5120K, 0% used [0x00000000e8100000,0x00000000e8100000,0x00000000e8600000)
 ParOldGen       total 84992K, used 5117K [0x00000000a0000000, 0x00000000a5300000, 0x00000000e0000000)
  object space 84992K, 6% used [0x00000000a0000000,0x00000000a04ff748,0x00000000a5300000)
 Metaspace       used 20709K, capacity 21092K, committed 21248K, reserved 1067008K
  class space    used 2903K, capacity 3032K, committed 3072K, reserved 1048576K
Event: 3,548 GC heap after
Heap after GC invocations=4 (full 0):
 PSYoungGen      total 132096K, used 5092K [0x00000000e0000000, 0x00000000e8600000, 0x0000000100000000)
  eden space 126976K, 0% used [0x00000000e0000000,0x00000000e0000000,0x00000000e7c00000)
  from space 5120K, 99% used [0x00000000e8100000,0x00000000e85f9060,0x00000000e8600000)
  to   space 5120K, 0% used [0x00000000e7c00000,0x00000000e7c00000,0x00000000e8100000)
 ParOldGen       total 84992K, used 10814K [0x00000000a0000000, 0x00000000a5300000, 0x00000000e0000000)
  object space 84992K, 12% used [0x00000000a0000000,0x00000000a0a8fba8,0x00000000a5300000)
 Metaspace       used 20709K, capacity 21092K, committed 21248K, reserved 1067008K
  class space    used 2903K, capacity 3032K, committed 3072K, reserved 1048576K
}
Event: 3,548 GC heap before
{Heap before GC invocations=5 (full 1):
 PSYoungGen      total 132096K, used 5092K [0x00000000e0000000, 0x00000000e8600000, 0x0000000100000000)
  eden space 126976K, 0% used [0x00000000e0000000,0x00000000e0000000,0x00000000e7c00000)
  from space 5120K, 99% used [0x00000000e8100000,0x00000000e85f9060,0x00000000e8600000)
  to   space 5120K, 0% used [0x00000000e7c00000,0x00000000e7c00000,0x00000000e8100000)
 ParOldGen       total 84992K, used 10814K [0x00000000a0000000, 0x00000000a5300000, 0x00000000e0000000)
  object space 84992K, 12% used [0x00000000a0000000,0x00000000a0a8fba8,0x00000000a5300000)
 Metaspace       used 20709K, capacity 21092K, committed 21248K, reserved 1067008K
  class space    used 2903K, capacity 3032K, committed 3072K, reserved 1048576K
Event: 3,625 GC heap after
Heap after GC invocations=5 (full 1):
 PSYoungGen      total 132096K, used 0K [0x00000000e0000000, 0x00000000e8600000, 0x0000000100000000)
  eden space 126976K, 0% used [0x00000000e0000000,0x00000000e0000000,0x00000000e7c00000)
  from space 5120K, 0% used [0x00000000e8100000,0x00000000e8100000,0x00000000e8600000)
  to   space 5120K, 0% used [0x00000000e7c00000,0x00000000e7c00000,0x00000000e8100000)
 ParOldGen       total 67072K, used 10725K [0x00000000a0000000, 0x00000000a4180000, 0x00000000e0000000)
  object space 67072K, 15% used [0x00000000a0000000,0x00000000a0a794c0,0x00000000a4180000)
 Metaspace       used 20709K, capacity 21092K, committed 21248K, reserved 1067008K
  class space    used 2903K, capacity 3032K, committed 3072K, reserved 1048576K
}
Event: 6,478 GC heap before
{Heap before GC invocations=6 (full 1):
 PSYoungGen      total 132096K, used 126976K [0x00000000e0000000, 0x00000000e8600000, 0x0000000100000000)
  eden space 126976K, 100% used [0x00000000e0000000,0x00000000e7c00000,0x00000000e7c00000)
  from space 5120K, 0% used [0x00000000e8100000,0x00000000e8100000,0x00000000e8600000)
  to   space 5120K, 0% used [0x00000000e7c00000,0x00000000e7c00000,0x00000000e8100000)
 ParOldGen       total 67072K, used 10725K [0x00000000a0000000, 0x00000000a4180000, 0x00000000e0000000)
  object space 67072K, 15% used [0x00000000a0000000,0x00000000a0a794c0,0x00000000a4180000)
 Metaspace       used 31275K, capacity 31714K, committed 31872K, reserved 1077248K
  class space    used 4319K, capacity 4470K, committed 4480K, reserved 1048576K
Event: 6,509 GC heap after
Heap after GC invocations=6 (full 1):
 PSYoungGen      total 132096K, used 5120K [0x00000000e0000000, 0x00000000ed100000, 0x0000000100000000)
  eden space 126976K, 0% used [0x00000000e0000000,0x00000000e0000000,0x00000000e7c00000)
  from space 5120K, 100% used [0x00000000e7c00000,0x00000000e8100000,0x00000000e8100000)
  to   space 15360K, 0% used [0x00000000ec200000,0x00000000ec200000,0x00000000ed100000)
 ParOldGen       total 67072K, used 17744K [0x00000000a0000000, 0x00000000a4180000, 0x00000000e0000000)
  object space 67072K, 26% used [0x00000000a0000000,0x00000000a11543c0,0x00000000a4180000)
 Metaspace       used 31275K, capacity 31714K, committed 31872K, reserved 1077248K
  class space    used 4319K, capacity 4470K, committed 4480K, reserved 1048576K
}

Deoptimization events (10 events):
Event: 4,780 Thread 0x00007f7d5c008000 Uncommon trap: reason=unstable_if action=reinterpret pc=0x00007f7db1301af0 method=java.util.HashMap.hash(Ljava/lang/Object;)I @ 1
Event: 4,780 Thread 0x00007f7d5c008000 Uncommon trap: reason=unstable_if action=reinterpret pc=0x00007f7db13ab8d8 method=java.util.HashMap.putVal(ILjava/lang/Object;Ljava/lang/Object;ZZ)Ljava/lang/Object; @ 85
Event: 4,900 Thread 0x00007f7d5c008000 Uncommon trap: reason=unstable_if action=reinterpret pc=0x00007f7db1355574 method=java.util.LinkedHashMap.afterNodeInsertion(Z)V @ 1
Event: 5,276 Thread 0x00007f7d5c008000 Uncommon trap: reason=class_check action=maybe_recompile pc=0x00007f7db14f06d8 method=sun.misc.URLClassPath.getLoader(I)Lsun/misc/URLClassPath$Loader; @ 94
Event: 5,279 Thread 0x00007f7d5c008000 Uncommon trap: reason=class_check action=maybe_recompile pc=0x00007f7db14fad44 method=sun.misc.URLClassPath.getLoader(I)Lsun/misc/URLClassPath$Loader; @ 239
Event: 5,469 Thread 0x00007f7d5c008000 Uncommon trap: reason=unstable_if action=reinterpret pc=0x00007f7db126b604 method=java.io.UnixFileSystem.resolve(Ljava/lang/String;Ljava/lang/String;)Ljava/lang/String; @ 18
Event: 6,366 Thread 0x00007f7d5c008000 Uncommon trap: reason=unstable_if action=reinterpret pc=0x00007f7db1291d7c method=java.net.URI.match(CJJ)Z @ 45
Event: 6,366 Thread 0x00007f7d5c008000 Uncommon trap: reason=unstable_if action=reinterpret pc=0x00007f7db116d96c method=java.net.URI.match(CJJ)Z @ 19
Event: 6,366 Thread 0x00007f7d5c008000 Uncommon trap: reason=unstable_if action=reinterpret pc=0x00007f7db11658ac method=java.net.URI.match(CJJ)Z @ 19
Event: 6,510 Thread 0x00007f7dc0083000 Uncommon trap: reason=unstable_if action=reinterpret pc=0x00007f7db14edb58 method=java.lang.ref.Reference.tryHandlePending(Z)Z @ 104

Classes redefined (0 events):
No events

Internal exceptions (10 events):
Event: 5,607 Thread 0x00007f7d5c008000 Exception <a 'java/lang/ClassNotFoundException': org/gradle/api/internal/DefaultDomainObjectCollectionCustomizer> (0x00000000e4f84388) thrown at [/usr/local/google/buildbot/src/googleplex-android/openjdk/out/hotspot/src/share/vm/classfile/systemDictionary
Event: 5,612 Thread 0x00007f7d5c008000 Exception <a 'java/lang/ClassNotFoundException': org/gradle/api/internal/DefaultNamedDomainObjectCollectionCustomizer> (0x00000000e4fddd48) thrown at [/usr/local/google/buildbot/src/googleplex-android/openjdk/out/hotspot/src/share/vm/classfile/systemDicti
Event: 5,640 Thread 0x00007f7d5c008000 Exception <a 'java/lang/ClassNotFoundException': org/gradle/api/internal/DefaultNamedDomainObjectListCustomizer> (0x00000000e504e250) thrown at [/usr/local/google/buildbot/src/googleplex-android/openjdk/out/hotspot/src/share/vm/classfile/systemDictionary.
Event: 5,648 Thread 0x00007f7d5c008000 Exception <a 'java/lang/ClassNotFoundException': org/gradle/api/internal/artifacts/DefaultArtifactRepositoryContainerCustomizer> (0x00000000e50bb238) thrown at [/usr/local/google/buildbot/src/googleplex-android/openjdk/out/hotspot/src/share/vm/classfile/s
Event: 5,652 Thread 0x00007f7d5c008000 Exception <a 'java/lang/ClassNotFoundException': org/gradle/api/internal/artifacts/dsl/DefaultRepositoryHandlerCustomizer> (0x00000000e5118b30) thrown at [/usr/local/google/buildbot/src/googleplex-android/openjdk/out/hotspot/src/share/vm/classfile/systemD
Event: 5,658 Thread 0x00007f7d5c008000 Exception <a 'java/lang/ClassNotFoundException': org/gradle/api/internal/artifacts/dsl/DefaultRepositoryHandler_DecoratedCustomizer> (0x00000000e518cf08) thrown at [/usr/local/google/buildbot/src/googleplex-android/openjdk/out/hotspot/src/share/vm/classfi
Event: 6,307 Thread 0x00007f7d5c008000 Exception <a 'java/lang/ClassNotFoundException': org/gradle/api/internal/artifacts/dsl/dependencies/DefaultDependencyHandler_DecoratedBeanInfo> (0x00000000e728ae50) thrown at [/usr/local/google/buildbot/src/googleplex-android/openjdk/out/hotspot/src/share
Event: 6,311 Thread 0x00007f7d5c008000 Exception <a 'java/lang/ClassNotFoundException': org/gradle/api/internal/artifacts/dsl/dependencies/DefaultDependencyHandlerBeanInfo> (0x00000000e72da470) thrown at [/usr/local/google/buildbot/src/googleplex-android/openjdk/out/hotspot/src/share/vm/classf
Event: 6,312 Thread 0x00007f7d5c008000 Exception <a 'java/lang/ClassNotFoundException': org/gradle/api/internal/artifacts/dsl/dependencies/DefaultDependencyHandlerCustomizer> (0x00000000e732a900) thrown at [/usr/local/google/buildbot/src/googleplex-android/openjdk/out/hotspot/src/share/vm/clas
Event: 6,326 Thread 0x00007f7d5c008000 Exception <a 'java/lang/ClassNotFoundException': org/gradle/api/internal/artifacts/dsl/dependencies/DefaultDependencyHandler_DecoratedCustomizer> (0x00000000e73aee10) thrown at [/usr/local/google/buildbot/src/googleplex-android/openjdk/out/hotspot/src/sha

Events (10 events):
Event: 7,023 loading class org/gradle/api/internal/artifacts/ivyservice/resolveengine/graph/conflicts/CompositeConflictResolver$CompositeDetails
Event: 7,023 loading class org/gradle/api/internal/artifacts/ivyservice/resolveengine/graph/conflicts/CompositeConflictResolver$CompositeDetails done
Event: 7,023 loading class org/gradle/api/internal/artifacts/ivyservice/ivyresolve/strategy/VersionParser$DefaultVersion
Event: 7,023 loading class org/gradle/api/internal/artifacts/ivyservice/ivyresolve/strategy/VersionParser$DefaultVersion done
Event: 7,024 loading class com/google/common/primitives/Longs$AsciiDigits
Event: 7,024 loading class com/google/common/primitives/Longs$AsciiDigits done
Event: 7,024 loading class org/gradle/api/internal/artifacts/ivyservice/resolveengine/graph/conflicts/VersionConflictResolutionDetails
Event: 7,024 loading class org/gradle/api/internal/artifacts/ivyservice/resolveengine/graph/conflicts/VersionConflictResolutionDetails done
Event: 7,088 Thread 0x00007f7d5c008000 DEOPT PACKING pc=0x00007f7db156f035 sp=0x00007f7d72fc0910
Event: 7,088 Thread 0x00007f7d5c008000 DEOPT UNPACKING pc=0x00007f7db10474c4 sp=0x00007f7d72fc0690 mode 0


Dynamic libraries:
00400000-00401000 r-xp 00000000 08:05 7343242                            /home/slip/Downloads/Programas/android-studio/jre/bin/java
00401000-00402000 rw-p 00000000 08:05 7343242                            /home/slip/Downloads/Programas/android-studio/jre/bin/java
00c10000-00c31000 rw-p 00000000 00:00 0                                  [heap]
a0000000-a4180000 rw-p 00000000 00:00 0 
a4180000-e0000000 ---p 00000000 00:00 0 
e0000000-ed100000 rw-p 00000000 00:00 0 
ed100000-100000000 ---p 00000000 00:00 0 
100000000-1004a0000 rw-p 00000000 00:00 0 
1004a0000-140000000 ---p 00000000 00:00 0 
7f7d2c000000-7f7d2c021000 rw-p 00000000 00:00 0 
7f7d2c021000-7f7d30000000 ---p 00000000 00:00 0 
7f7d30000000-7f7d30021000 rw-p 00000000 00:00 0 
7f7d30021000-7f7d34000000 ---p 00000000 00:00 0 
7f7d34000000-7f7d34021000 rw-p 00000000 00:00 0 
7f7d34021000-7f7d38000000 ---p 00000000 00:00 0 
7f7d38000000-7f7d38021000 rw-p 00000000 00:00 0 
7f7d38021000-7f7d3c000000 ---p 00000000 00:00 0 
7f7d3c000000-7f7d3c021000 rw-p 00000000 00:00 0 
7f7d3c021000-7f7d40000000 ---p 00000000 00:00 0 
7f7d40000000-7f7d40021000 rw-p 00000000 00:00 0 
7f7d40021000-7f7d44000000 ---p 00000000 00:00 0 
7f7d44000000-7f7d44021000 rw-p 00000000 00:00 0 
7f7d44021000-7f7d48000000 ---p 00000000 00:00 0 
7f7d48000000-7f7d48021000 rw-p 00000000 00:00 0 
7f7d48021000-7f7d4c000000 ---p 00000000 00:00 0 
7f7d4c000000-7f7d4c3f8000 rw-p 00000000 00:00 0 
7f7d4c3f8000-7f7d50000000 ---p 00000000 00:00 0 
7f7d50000000-7f7d50021000 rw-p 00000000 00:00 0 
7f7d50021000-7f7d54000000 ---p 00000000 00:00 0 
7f7d54000000-7f7d54021000 rw-p 00000000 00:00 0 
7f7d54021000-7f7d58000000 ---p 00000000 00:00 0 
7f7d58000000-7f7d59603000 rw-p 00000000 00:00 0 
7f7d59603000-7f7d5c000000 ---p 00000000 00:00 0 
7f7d5c000000-7f7d5c021000 rw-p 00000000 00:00 0 
7f7d5c021000-7f7d60000000 ---p 00000000 00:00 0 
7f7d60000000-7f7d60026000 rw-p 00000000 00:00 0 
7f7d60026000-7f7d64000000 ---p 00000000 00:00 0 
7f7d64000000-7f7d64066000 rw-p 00000000 00:00 0 
7f7d64066000-7f7d68000000 ---p 00000000 00:00 0 
7f7d68000000-7f7d68021000 rw-p 00000000 00:00 0 
7f7d68021000-7f7d6c000000 ---p 00000000 00:00 0 
7f7d6c000000-7f7d6c021000 rw-p 00000000 00:00 0 
7f7d6c021000-7f7d70000000 ---p 00000000 00:00 0 
7f7d71013000-7f7d71053000 rw-p 00000000 00:00 0 
7f7d71053000-7f7d71213000 ---p 00000000 00:00 0 
7f7d71213000-7f7d71413000 rw-p 00000000 00:00 0 
7f7d71413000-7f7d71416000 ---p 00000000 00:00 0 
7f7d71416000-7f7d71514000 rw-p 00000000 00:00 0 
7f7d71514000-7f7d71517000 ---p 00000000 00:00 0 
7f7d71517000-7f7d71615000 rw-p 00000000 00:00 0 
7f7d71615000-7f7d71618000 ---p 00000000 00:00 0 
7f7d71618000-7f7d71916000 rw-p 00000000 00:00 0 
7f7d71916000-7f7d71b16000 rw-p 00000000 00:00 0 
7f7d71b16000-7f7d71d16000 rw-p 00000000 00:00 0 
7f7d71d16000-7f7d71f16000 rw-p 00000000 00:00 0 
7f7d71f16000-7f7d71f90000 r--s 01102000 08:05 7343236                    /home/slip/Downloads/Programas/android-studio/jre/lib/tools.jar
7f7d71fbf000-7f7d721bf000 rw-p 00000000 00:00 0 
7f7d721bf000-7f7d723bf000 rw-p 00000000 00:00 0 
7f7d723bf000-7f7d723c2000 ---p 00000000 00:00 0 
7f7d723c2000-7f7d726c0000 rw-p 00000000 00:00 0 
7f7d726c0000-7f7d726c3000 ---p 00000000 00:00 0 
7f7d726c3000-7f7d727c1000 rw-p 00000000 00:00 0 
7f7d727c1000-7f7d727c4000 ---p 00000000 00:00 0 
7f7d727c4000-7f7d728c2000 rw-p 00000000 00:00 0 
7f7d728c2000-7f7d728c5000 ---p 00000000 00:00 0 
7f7d728c5000-7f7d72bc3000 rw-p 00000000 00:00 0 
7f7d72bc3000-7f7d72bc6000 ---p 00000000 00:00 0 
7f7d72bc6000-7f7d72cc4000 rw-p 00000000 00:00 0 
7f7d72cc4000-7f7d72cc7000 ---p 00000000 00:00 0 
7f7d72cc7000-7f7d72dc5000 rw-p 00000000 00:00 0 
7f7d72dc5000-7f7d72dc8000 ---p 00000000 00:00 0 
7f7d72dc8000-7f7d72ec6000 rw-p 00000000 00:00 0 
7f7d72ec6000-7f7d72ec9000 ---p 00000000 00:00 0 
7f7d72ec9000-7f7d72fc7000 rw-p 00000000 00:00 0 
7f7d72fc7000-7f7d72fca000 ---p 00000000 00:00 0 
7f7d72fca000-7f7d730c8000 rw-p 00000000 00:00 0 
7f7d730c8000-7f7d730cb000 ---p 00000000 00:00 0 
7f7d730cb000-7f7d731c9000 rw-p 00000000 00:00 0 
7f7d731c9000-7f7d731cc000 ---p 00000000 00:00 0 
7f7d731cc000-7f7d732ca000 rw-p 00000000 00:00 0 
7f7d732ca000-7f7d732cd000 ---p 00000000 00:00 0 
7f7d732cd000-7f7d733cb000 rw-p 00000000 00:00 0 
7f7d733cb000-7f7d733d2000 r--s 00000000 08:05 1574676                    /usr/lib/x86_64-linux-gnu/gconv/gconv-modules.cache
7f7d733d2000-7f7d733d5000 ---p 00000000 00:00 0 
7f7d733d5000-7f7d734d3000 rw-p 00000000 00:00 0 
7f7d734d3000-7f7d734d7000 r--s 000a1000 08:05 7343387                    /home/slip/Downloads/Programas/android-studio/jre/jre/lib/jsse.jar
7f7d734d7000-7f7d736d7000 rw-p 00000000 00:00 0 
7f7d736d7000-7f7d736da000 ---p 00000000 00:00 0 
7f7d736da000-7f7d737d8000 rw-p 00000000 00:00 0 
7f7d737d8000-7f7d737e0000 r-xp 00000000 08:05 7343332                    /home/slip/Downloads/Programas/android-studio/jre/jre/lib/amd64/libmanagement.so
7f7d737e0000-7f7d737e1000 rw-p 00007000 08:05 7343332                    /home/slip/Downloads/Programas/android-studio/jre/jre/lib/amd64/libmanagement.so
7f7d737e1000-7f7d737e3000 r--s 0000f000 08:05 3816158                    /home/slip/.gradle/wrapper/dists/gradle-5.4.1-all/3221gyojl5jsh0helicew7rwx/gradle-5.4.1/lib/plugins/gradle-tooling-api-builders-5.4.1.jar
7f7d737e3000-7f7d737e4000 r--s 00005000 08:05 3816179                    /home/slip/.gradle/wrapper/dists/gradle-5.4.1-all/3221gyojl5jsh0helicew7rwx/gradle-5.4.1/lib/plugins/gradle-build-profile-5.4.1.jar
7f7d737e4000-7f7d737e6000 r--s 00003000 08:05 3816138                    /home/slip/.gradle/wrapper/dists/gradle-5.4.1-all/3221gyojl5jsh0helicew7rwx/gradle-5.4.1/lib/plugins/gradle-tooling-native-5.4.1.jar
7f7d737e6000-7f7d737ea000 r--s 00017000 08:05 3816140                    /home/slip/.gradle/wrapper/dists/gradle-5.4.1-all/3221gyojl5jsh0helicew7rwx/gradle-5.4.1/lib/plugins/gradle-testing-native-5.4.1.jar
7f7d737ea000-7f7d737ec000 r--s 0000f000 08:05 3816236                    /home/slip/.gradle/wrapper/dists/gradle-5.4.1-all/3221gyojl5jsh0helicew7rwx/gradle-5.4.1/lib/plugins/jcommander-1.72.jar
7f7d737ec000-7f7d737f5000 r--s 00089000 08:05 3816212                    /home/slip/.gradle/wrapper/dists/gradle-5.4.1-all/3221gyojl5jsh0helicew7rwx/gradle-5.4.1/lib/plugins/testng-6.3.1.jar
7f7d737f5000-7f7d737fa000 r--s 0005a000 08:05 3816216                    /home/slip/.gradle/wrapper/dists/gradle-5.4.1-all/3221gyojl5jsh0helicew7rwx/gradle-5.4.1/lib/plugins/bsh-2.0b6.jar
7f7d737fa000-7f7d737fe000 r--s 0001c000 08:05 3816159                    /home/slip/.gradle/wrapper/dists/gradle-5.4.1-all/3221gyojl5jsh0helicew7rwx/gradle-5.4.1/lib/plugins/gradle-testing-jvm-5.4.1.jar
7f7d737fe000-7f7d73801000 r--s 00011000 08:05 3816254                    /home/slip/.gradle/wrapper/dists/gradle-5.4.1-all/3221gyojl5jsh0helicew7rwx/gradle-5.4.1/lib/plugins/junit-platform-commons-1.3.1.jar
7f7d73801000-7f7d73802000 r--s 00001000 08:05 3816256                    /home/slip/.gradle/wrapper/dists/gradle-5.4.1-all/3221gyojl5jsh0helicew7rwx/gradle-5.4.1/lib/plugins/opentest4j-1.1.1.jar
7f7d73802000-7f7d73806000 r--s 0001d000 08:05 3816253                    /home/slip/.gradle/wrapper/dists/gradle-5.4.1-all/3221gyojl5jsh0helicew7rwx/gradle-5.4.1/lib/plugins/junit-platform-engine-1.3.1.jar
7f7d73806000-7f7d73807000 r--s 00000000 08:05 3816255                    /home/slip/.gradle/wrapper/dists/gradle-5.4.1-all/3221gyojl5jsh0helicew7rwx/gradle-5.4.1/lib/plugins/apiguardian-api-1.0.0.jar
7f7d73807000-7f7d7380a000 r--s 00015000 08:05 3816217                    /home/slip/.gradle/wrapper/dists/gradle-5.4.1-all/3221gyojl5jsh0helicew7rwx/gradle-5.4.1/lib/plugins/junit-platform-launcher-1.3.1.jar
7f7d7380a000-7f7d7380c000 r--s 00009000 08:05 3816234                    /home/slip/.gradle/wrapper/dists/gradle-5.4.1-all/3221gyojl5jsh0helicew7rwx/gradle-5.4.1/lib/plugins/hamcrest-core-1.3.jar
7f7d7380c000-7f7d73814000 r--s 00045000 08:05 3816215                    /home/slip/.gradle/wrapper/dists/gradle-5.4.1-all/3221gyojl5jsh0helicew7rwx/gradle-5.4.1/lib/plugins/junit-4.12.jar
7f7d73814000-7f7d73815000 r--s 00003000 08:05 3816157                    /home/slip/.gradle/wrapper/dists/gradle-5.4.1-all/3221gyojl5jsh0helicew7rwx/gradle-5.4.1/lib/plugins/gradle-testing-junit-platform-5.4.1.jar
7f7d73815000-7f7d7381d000 r--s 00034000 08:05 3816167                    /home/slip/.gradle/wrapper/dists/gradle-5.4.1-all/3221gyojl5jsh0helicew7rwx/gradle-5.4.1/lib/plugins/gradle-testing-base-5.4.1.jar
7f7d7381d000-7f7d73825000 r--s 00048000 08:05 3816206                    /home/slip/.gradle/wrapper/dists/gradle-5.4.1-all/3221gyojl5jsh0helicew7rwx/gradle-5.4.1/lib/plugins/bcpg-jdk15on-1.61.jar
7f7d73825000-7f7d73827000 r--s 0000f000 08:05 3816137                    /home/slip/.gradle/wrapper/dists/gradle-5.4.1-all/3221gyojl5jsh0helicew7rwx/gradle-5.4.1/lib/plugins/gradle-signing-5.4.1.jar
7f7d73827000-7f7d73829000 r--s 00009000 08:05 3816146                    /home/slip/.gradle/wrapper/dists/gradle-5.4.1-all/3221gyojl5jsh0helicew7rwx/gradle-5.4.1/lib/plugins/gradle-scala-5.4.1.jar
7f7d73829000-7f7d7382a000 r--s 00004000 08:05 3816178                    /home/slip/.gradle/wrapper/dists/gradle-5.4.1-all/3221gyojl5jsh0helicew7rwx/gradle-5.4.1/lib/plugins/gradle-resources-sftp-5.4.1.jar
7f7d7382a000-7f7d73833000 r--s 0005b000 08:05 3816184                    /home/slip/.gradle/wrapper/dists/gradle-5.4.1-all/3221gyojl5jsh0helicew7rwx/gradle-5.4.1/lib/plugins/aws-java-sdk-kms-1.11.407.jar
7f7d73833000-7f7d73835000 r--s 00005000 08:05 3816223                    /home/slip/.gradle/wrapper/dists/gradle-5.4.1-all/3221gyojl5jsh0helicew7rwx/gradle-5.4.1/lib/plugins/jmespath-java-1.11.407.jar
7f7d73835000-7f7d73848000 r--s 000ca000 08:05 3816183                    /home/slip/.gradle/wrapper/dists/gradle-5.4.1-all/3221gyojl5jsh0helicew7rwx/gradle-5.4.1/lib/plugins/aws-java-sdk-s3-1.11.407.jar
7f7d73848000-7f7d73852000 r--s 00081000 08:05 3816252                    /home/slip/.gradle/wrapper/dists/gradle-5.4.1-all/3221gyojl5jsh0helicew7rwx/gradle-5.4.1/lib/plugins/ion-java-1.0.2.jar
7f7d73852000-7f7d73868000 r--s 000ca000 08:05 3816185                    /home/slip/.gradle/wrapper/dists/gradle-5.4.1-all/3221gyojl5jsh0helicew7rwx/gradle-5.4.1/lib/plugins/aws-java-sdk-core-1.11.407.jar
7f7d73868000-7f7d7386a000 r--s 00004000 08:05 3816174                    /home/slip/.gradle/wrapper/dists/gradle-5.4.1-all/3221gyojl5jsh0helicew7rwx/gradle-5.4.1/lib/plugins/gradle-resources-s3-5.4.1.jar
7f7d7386a000-7f7d7387b000 r--s 0008c000 08:05 3816227                    /home/slip/.gradle/wrapper/dists/gradle-5.4.1-all/3221gyojl5jsh0helicew7rwx/gradle-5.4.1/lib/plugins/joda-time-2.10.jar
7f7d7387b000-7f7d7388d000 r--s 00137000 08:05 3816224                    /home/slip/.gradle/wrapper/dists/gradle-5.4.1-all/3221gyojl5jsh0helicew7rwx/gradle-5.4.1/lib/plugins/jackson-databind-2.9.8.jar
7f7d7388d000-7f7d73890000 r--s 0000e000 08:05 3816226                    /home/slip/.gradle/wrapper/dists/gradle-5.4.1-all/3221gyojl5jsh0helicew7rwx/gradle-5.4.1/lib/plugins/jackson-annotations-2.9.8.jar
7f7d73890000-7f7d73894000 r--s 0004c000 08:05 3816225                    /home/slip/.gradle/wrapper/dists/gradle-5.4.1-all/3221gyojl5jsh0helicew7rwx/gradle-5.4.1/lib/plugins/jackson-core-2.9.8.jar
7f7d73894000-7f7d73895000 r--s 00001000 08:05 3816192                    /home/slip/.gradle/wrapper/dists/gradle-5.4.1-all/3221gyojl5jsh0helicew7rwx/gradle-5.4.1/lib/plugins/google-http-client-jackson2-1.25.0.jar
7f7d73895000-7f7d7389f000 r--s 00056000 08:05 3816193                    /home/slip/.gradle/wrapper/dists/gradle-5.4.1-all/3221gyojl5jsh0helicew7rwx/gradle-5.4.1/lib/plugins/google-http-client-1.25.0.jar
7f7d7389f000-7f7d738a2000 r--s 0000d000 08:05 3816191                    /home/slip/.gradle/wrapper/dists/gradle-5.4.1-all/3221gyojl5jsh0helicew7rwx/gradle-5.4.1/lib/plugins/google-oauth-client-1.25.0.jar
7f7d738a2000-7f7d738a7000 r--s 0002d000 08:05 3816190                    /home/slip/.gradle/wrapper/dists/gradle-5.4.1-all/3221gyojl5jsh0helicew7rwx/gradle-5.4.1/lib/plugins/google-api-client-1.25.0.jar
7f7d738a7000-7f7d738ab000 r--s 0001d000 08:05 3816189                    /home/slip/.gradle/wrapper/dists/gradle-5.4.1-all/3221gyojl5jsh0helicew7rwx/gradle-5.4.1/lib/plugins/google-api-services-storage-v1-rev136-1.25.0.jar
7f7d738ab000-7f7d738ad000 r--s 00003000 08:05 3816175                    /home/slip/.gradle/wrapper/dists/gradle-5.4.1-all/3221gyojl5jsh0helicew7rwx/gradle-5.4.1/lib/plugins/gradle-resources-gcs-5.4.1.jar
7f7d738ad000-7f7d738af000 r--s 00010000 08:05 3816173                    /home/slip/.gradle/wrapper/dists/gradle-5.4.1-all/3221gyojl5jsh0helicew7rwx/gradle-5.4.1/lib/plugins/gradle-reporting-5.4.1.jar
7f7d738af000-7f7d738b1000 r--s 00008000 08:05 3816166                    /home/slip/.gradle/wrapper/dists/gradle-5.4.1-all/3221gyojl5jsh0helicew7rwx/gradle-5.4.1/lib/plugins/gradle-publish-5.4.1.jar
7f7d738b1000-7f7d738b9000 r--s 00046000 08:05 3816154                    /home/slip/.gradle/wrapper/dists/gradle-5.4.1-all/3221gyojl5jsh0helicew7rwx/gradle-5.4.1/lib/plugins/gradle-plugins-5.4.1.jar
7f7d738b9000-7f7d738bb000 r--s 0000c000 08:05 3816142                    /home/slip/.gradle/wrapper/dists/gradle-5.4.1-all/3221gyojl5jsh0helicew7rwx/gradle-5.4.1/lib/plugins/gradle-plugin-development-5.4.1.jar
7f7d738bb000-7f7d738c1000 r--s 00030000 08:05 3816149                    /home/slip/.gradle/wrapper/dists/gradle-5.4.1-all/3221gyojl5jsh0helicew7rwx/gradle-5.4.1/lib/plugins/gradle-platform-play-5.4.1.jar
7f7d738c1000-7f7d738c7000 r--s 0003d000 08:05 3816213                    /home/slip/.gradle/wrapper/dists/gradle-5.4.1-all/3221gyojl5jsh0helicew7rwx/gradle-5.4.1/lib/plugins/snakeyaml-1.17.jar
7f7d738c7000-7f7d738d9000 r--s 00078000 08:05 3816164                    /home/slip/.gradle/wrapper/dists/gradle-5.4.1-all/3221gyojl5jsh0helicew7rwx/gradle-5.4.1/lib/plugins/gradle-platform-native-5.4.1.jar
7f7d738d9000-7f7d738dd000 r--s 0001b000 08:05 3816163                    /home/slip/.gradle/wrapper/dists/gradle-5.4.1-all/3221gyojl5jsh0helicew7rwx/gradle-5.4.1/lib/plugins/gradle-platform-jvm-5.4.1.jar
7f7d738dd000-7f7d738e4000 r--s 0002a000 08:05 3816168                    /home/slip/.gradle/wrapper/dists/gradle-5.4.1-all/3221gyojl5jsh0helicew7rwx/gradle-5.4.1/lib/plugins/gradle-platform-base-5.4.1.jar
7f7d738e4000-7f7d73911000 r--s 0025e000 08:05 3816197                    /home/slip/.gradle/wrapper/dists/gradle-5.4.1-all/3221gyojl5jsh0helicew7rwx/gradle-5.4.1/lib/plugins/biz.aQute.bndlib-4.0.0.jar
7f7d73911000-7f7d73912000 r--s 00004000 08:05 3816136                    /home/slip/.gradle/wrapper/dists/gradle-5.4.1-all/3221gyojl5jsh0helicew7rwx/gradle-5.4.1/lib/plugins/gradle-osgi-5.4.1.jar
7f7d73912000-7f7d73915000 r--s 0000c000 08:05 3816202                    /home/slip/.gradle/wrapper/dists/gradle-5.4.1-all/3221gyojl5jsh0helicew7rwx/gradle-5.4.1/lib/plugins/pmaven-groovy-0.8-20100325.jar
7f7d73915000-7f7d73916000 r--s 00004000 08:05 3816201                    /home/slip/.gradle/wrapper/dists/gradle-5.4.1-all/3221gyojl5jsh0helicew7rwx/gradle-5.4.1/lib/plugins/pmaven-common-0.8-20100325.jar
7f7d73916000-7f7d73917000 r--s 00008000 08:05 3816188                    /home/slip/.gradle/wrapper/dists/gradle-5.4.1-all/3221gyojl5jsh0helicew7rwx/gradle-5.4.1/lib/plugins/wagon-http-shared-3.0.0.jar
7f7d73917000-7f7d73918000 r--s 00002000 08:05 3816187                    /home/slip/.gradle/wrapper/dists/gradle-5.4.1-all/3221gyojl5jsh0helicew7rwx/gradle-5.4.1/lib/plugins/wagon-http-3.0.0.jar
7f7d73918000-7f7d73919000 r--s 00002000 08:05 3816203                    /home/slip/.gradle/wrapper/dists/gradle-5.4.1-all/3221gyojl5jsh0helicew7rwx/gradle-5.4.1/lib/plugins/wagon-file-3.0.0.jar
7f7d73919000-7f7d7391b000 r--s 00006000 08:05 3816205                    /home/slip/.gradle/wrapper/dists/gradle-5.4.1-all/3221gyojl5jsh0helicew7rwx/gradle-5.4.1/lib/plugins/aether-connector-wagon-1.13.1.jar
7f7d7391b000-7f7d73922000 r--s 00031000 08:05 3816143                    /home/slip/.gradle/wrapper/dists/gradle-5.4.1-all/3221gyojl5jsh0helicew7rwx/gradle-5.4.1/lib/plugins/gradle-maven-5.4.1.jar
7f7d73922000-7f7d73924000 r--s 0000c000 08:05 3816156                    /home/slip/.gradle/wrapper/dists/gradle-5.4.1-all/3221gyojl5jsh0helicew7rwx/gradle-5.4.1/lib/plugins/gradle-language-scala-5.4.1.jar
7f7d73924000-7f7d7392f000 r--s 00054000 08:05 3816141                    /home/slip/.gradle/wrapper/dists/gradle-5.4.1-all/3221gyojl5jsh0helicew7rwx/gradle-5.4.1/lib/plugins/gradle-language-native-5.4.1.jar
7f7d7392f000-7f7d73931000 r--s 00005000 08:05 3816162                    /home/slip/.gradle/wrapper/dists/gradle-5.4.1-all/3221gyojl5jsh0helicew7rwx/gradle-5.4.1/lib/plugins/gradle-language-jvm-5.4.1.jar
7f7d73931000-7f7d7393a000 r--s 00042000 08:05 3816160                    /home/slip/.gradle/wrapper/dists/gradle-5.4.1-all/3221gyojl5jsh0helicew7rwx/gradle-5.4.1/lib/plugins/gradle-language-java-5.4.1.jar
7f7d7393a000-7f7d7393c000 r--s 0000b000 08:05 3816155                    /home/slip/.gradle/wrapper/dists/gradle-5.4.1-all/3221gyojl5jsh0helicew7rwx/gradle-5.4.1/lib/plugins/gradle-language-groovy-5.4.1.jar
7f7d7393c000-7f7d73943000 r--s 00035000 08:05 3816209                    /home/slip/.gradle/wrapper/dists/gradle-5.4.1-all/3221gyojl5jsh0helicew7rwx/gradle-5.4.1/lib/plugins/simple-4.1.21.jar
7f7d73943000-7f7d73950000 r--s 00125000 08:05 3816207                    /home/slip/.gradle/wrapper/dists/gradle-5.4.1-all/3221gyojl5jsh0helicew7rwx/gradle-5.4.1/lib/plugins/rhino-1.7.10.jar
7f7d73950000-7f7d73954000 r--s 00012000 08:05 3816150                    /home/slip/.gradle/wrapper/dists/gradle-5.4.1-all/3221gyojl5jsh0helicew7rwx/gradle-5.4.1/lib/plugins/gradle-javascript-5.4.1.jar
7f7d73954000-7f7d73958000 r--s 00011000 08:05 3816152                    /home/slip/.gradle/wrapper/dists/gradle-5.4.1-all/3221gyojl5jsh0helicew7rwx/gradle-5.4.1/lib/plugins/gradle-jacoco-5.4.1.jar
7f7d73958000-7f7d7395c000 r--s 00015000 08:05 3816151                    /home/slip/.gradle/wrapper/dists/gradle-5.4.1-all/3221gyojl5jsh0helicew7rwx/gradle-5.4.1/lib/plugins/gradle-ivy-5.4.1.jar
7f7d7395c000-7f7d7395e000 r--s 00002000 08:05 3816144                    /home/slip/.gradle/wrapper/dists/gradle-5.4.1-all/3221gyojl5jsh0helicew7rwx/gradle-5.4.1/lib/plugins/gradle-ide-play-5.4.1.jar
7f7d7395e000-7f7d73960000 r--s 00011000 08:05 3816214                    /home/slip/.gradle/wrapper/dists/gradle-5.4.1-all/3221gyojl5jsh0helicew7rwx/gradle-5.4.1/lib/plugins/dd-plist-1.21.jar
7f7d73960000-7f7d73967000 r--s 00034000 08:05 3816139                    /home/slip/.gradle/wrapper/dists/gradle-5.4.1-all/3221gyojl5jsh0helicew7rwx/gradle-5.4.1/lib/plugins/gradle-ide-native-5.4.1.jar
7f7d73967000-7f7d73971000 r--s 0005f000 08:05 3816145                    /home/slip/.gradle/wrapper/dists/gradle-5.4.1-all/3221gyojl5jsh0helicew7rwx/gradle-5.4.1/lib/plugins/gradle-ide-5.4.1.jar
7f7d73971000-7f7d73973000 r--s 00008000 08:05 3816148                    /home/slip/.gradle/wrapper/dists/gradle-5.4.1-all/3221gyojl5jsh0helicew7rwx/gradle-5.4.1/lib/plugins/gradle-ear-5.4.1.jar
7f7d73973000-7f7d73975000 r--s 00006000 08:05 3816210                    /home/slip/.gradle/wrapper/dists/gradle-5.4.1-all/3221gyojl5jsh0helicew7rwx/gradle-5.4.1/lib/plugins/jatl-0.2.3.jar
7f7d73975000-7f7d7397b000 r--s 0003e000 08:05 3816165                    /home/slip/.gradle/wrapper/dists/gradle-5.4.1-all/3221gyojl5jsh0helicew7rwx/gradle-5.4.1/lib/plugins/gradle-diagnostics-5.4.1.jar
7f7d7397b000-7f7d73980000 r--s 00028000 08:05 3816135                    /home/slip/.gradle/wrapper/dists/gradle-5.4.1-all/3221gyojl5jsh0helicew7rwx/gradle-5.4.1/lib/plugins/gradle-code-quality-5.4.1.jar
7f7d73980000-7f7d73982000 r--s 0000b000 08:05 3816211                    /home/slip/.gradle/wrapper/dists/gradle-5.4.1-all/3221gyojl5jsh0helicew7rwx/gradle-5.4.1/lib/plugins/maven-plugin-api-3.0.4.jar
7f7d73982000-7f7d73984000 r--s 0000c000 08:05 3816249                    /home/slip/.gradle/wrapper/dists/gradle-5.4.1-all/3221gyojl5jsh0helicew7rwx/gradle-5.4.1/lib/plugins/wagon-provider-api-3.0.0.jar
7f7d73984000-7f7d7398a000 r--s 0003f000 08:05 3816199                    /home/slip/.gradle/wrapper/dists/gradle-5.4.1-all/3221gyojl5jsh0helicew7rwx/gradle-5.4.1/lib/plugins/maven-compat-3.0.4.jar
7f7d7398a000-7f7d7398d000 r--s 0000a000 08:05 3816246                    /home/slip/.gradle/wrapper/dists/gradle-5.4.1-all/3221gyojl5jsh0helicew7rwx/gradle-5.4.1/lib/plugins/plexus-classworlds-2.5.1.jar
7f7d7398d000-7f7d73991000 r--s 00021000 08:05 3816251                    /home/slip/.gradle/wrapper/dists/gradle-5.4.1-all/3221gyojl5jsh0helicew7rwx/gradle-5.4.1/lib/plugins/xbean-reflect-3.7.jar
7f7d73991000-7f7d73998000 r--s 00032000 08:05 3816204                    /home/slip/.gradle/wrapper/dists/gradle-5.4.1-all/3221gyojl5jsh0helicew7rwx/gradle-5.4.1/lib/plugins/plexus-container-default-1.7.1.jar
7f7d73998000-7f7d7399e000 r--s 00031000 08:05 3816153                    /home/slip/.gradle/wrapper/dists/gradle-5.4.1-all/3221gyojl5jsh0helicew7rwx/gradle-5.4.1/lib/plugins/gradle-build-init-5.4.1.jar
7f7d7399e000-7f7d739a4000 r--s 0002e000 08:05 3816147                    /home/slip/.gradle/wrapper/dists/gradle-5.4.1-all/3221gyojl5jsh0helicew7rwx/gradle-5.4.1/lib/plugins/gradle-build-comparison-5.4.1.jar
7f7d739a4000-7f7d739a6000 r--s 00002000 08:05 3816176                    /home/slip/.gradle/wrapper/dists/gradle-5.4.1-all/3221gyojl5jsh0helicew7rwx/gradle-5.4.1/lib/plugins/gradle-build-cache-http-5.4.1.jar
7f7d739a6000-7f7d739a8000 r--s 00009000 08:05 3816134                    /home/slip/.gradle/wrapper/dists/gradle-5.4.1-all/3221gyojl5jsh0helicew7rwx/gradle-5.4.1/lib/plugins/gradle-antlr-5.4.1.jar
7f7d739a8000-7f7d739a9000 r--s 00005000 08:05 3816133                    /home/slip/.gradle/wrapper/dists/gradle-5.4.1-all/3221gyojl5jsh0helicew7rwx/gradle-5.4.1/lib/plugins/gradle-announce-5.4.1.jar
7f7d739a9000-7f7d739ac000 r--s 00017000 08:05 3816181                    /home/slip/.gradle/wrapper/dists/gradle-5.4.1-all/3221gyojl5jsh0helicew7rwx/gradle-5.4.1/lib/plugins/gradle-kotlin-dsl-tooling-builders-5.4.1.jar
7f7d739ac000-7f7d739b2000 r--s 00029000 08:05 3816180                    /home/slip/.gradle/wrapper/dists/gradle-5.4.1-all/3221gyojl5jsh0helicew7rwx/gradle-5.4.1/lib/plugins/gradle-kotlin-dsl-provider-plugins-5.4.1.jar
7f7d739b2000-7f7d739b3000 r--s 00000000 08:05 3816055                    /home/slip/.gradle/wrapper/dists/gradle-5.4.1-all/3221gyojl5jsh0helicew7rwx/gradle-5.4.1/lib/gradle-runtime-api-info-5.4.1.jar
7f7d739b3000-7f7d739b8000 r--s 00040000 08:05 3816221                    /home/slip/.gradle/wrapper/dists/gradle-5.4.1-all/3221gyojl5jsh0helicew7rwx/gradle-5.4.1/lib/plugins/jsch-0.1.54.jar
7f7d739b8000-7f7d739ba000 r--s 00010000 08:05 3816237                    /home/slip/.gradle/wrapper/dists/gradle-5.4.1-all/3221gyojl5jsh0helicew7rwx/gradle-5.4.1/lib/plugins/jzlib-1.1.3.jar
7f7d739ba000-7f7d739df000 r--s 00265000 08:05 3816186                    /home/slip/.gradle/wrapper/dists/gradle-5.4.1-all/3221gyojl5jsh0helicew7rwx/gradle-5.4.1/lib/plugins/org.eclipse.jgit-5.0.3.201809091024-r.jar
7f7d739df000-7f7d739e2000 r--s 0000c000 08:05 3816170                    /home/slip/.gradle/wrapper/dists/gradle-5.4.1-all/3221gyojl5jsh0helicew7rwx/gradle-5.4.1/lib/plugins/gradle-version-control-5.4.1.jar
7f7d739e2000-7f7d739fb000 r--s 0013a000 08:05 3816220                    /home/slip/.gradle/wrapper/dists/gradle-5.4.1-all/3221gyojl5jsh0helicew7rwx/gradle-5.4.1/lib/plugins/xercesImpl-2.12.0.jar
7f7d739fb000-7f7d739fd000 r--s 0001d000 08:05 3816219                    /home/slip/.gradle/wrapper/dists/gradle-5.4.1-all/3221gyojl5jsh0helicew7rwx/gradle-5.4.1/lib/plugins/nekohtml-1.9.22.jar
7f7d739fd000-7f7d73a03000 r--s 0005b000 08:05 3816218                    /home/slip/.gradle/wrapper/dists/gradle-5.4.1-all/3221gyojl5jsh0helicew7rwx/gradle-5.4.1/lib/plugins/jcifs-1.3.17.jar
7f7d73a03000-7f7d73a0a000 r--s 0004b000 08:05 3816195                    /home/slip/.gradle/wrapper/dists/gradle-5.4.1-all/3221gyojl5jsh0helicew7rwx/gradle-5.4.1/lib/plugins/commons-codec-1.11.jar
7f7d73a0a000-7f7d73a11000 r--s 00049000 08:05 3816235                    /home/slip/.gradle/wrapper/dists/gradle-5.4.1-all/3221gyojl5jsh0helicew7rwx/gradle-5.4.1/lib/plugins/httpcore-4.4.10.jar
7f7d73a11000-7f7d73a1e000 r--s 000af000 08:05 3816194                    /home/slip/.gradle/wrapper/dists/gradle-5.4.1-all/3221gyojl5jsh0helicew7rwx/gradle-5.4.1/lib/plugins/httpclient-4.5.6.jar
7f7d73a1e000-7f7d73a21000 r--s 0000e000 08:05 3816177                    /home/slip/.gradle/wrapper/dists/gradle-5.4.1-all/3221gyojl5jsh0helicew7rwx/gradle-5.4.1/lib/plugins/gradle-resources-http-5.4.1.jar
7f7d73a21000-7f7d73a24000 r--s 0000c000 08:05 3816169                    /home/slip/.gradle/wrapper/dists/gradle-5.4.1-all/3221gyojl5jsh0helicew7rwx/gradle-5.4.1/lib/plugins/gradle-plugin-use-5.4.1.jar
7f7d73a24000-7f7d73a27000 r--s 0000d000 08:05 3816172                    /home/slip/.gradle/wrapper/dists/gradle-5.4.1-all/3221gyojl5jsh0helicew7rwx/gradle-5.4.1/lib/plugins/gradle-composite-builds-5.4.1.jar
7f7d73a27000-7f7d73a28000 r--s 00000000 08:05 3816058                    /home/slip/.gradle/wrapper/dists/gradle-5.4.1-all/3221gyojl5jsh0helicew7rwx/gradle-5.4.1/lib/gradle-installation-beacon-5.4.1.jar
7f7d73a28000-7f7d73a2a000 r--s 00006000 08:05 3816241                    /home/slip/.gradle/wrapper/dists/gradle-5.4.1-all/3221gyojl5jsh0helicew7rwx/gradle-5.4.1/lib/plugins/maven-repository-metadata-3.0.4.jar
7f7d73a2a000-7f7d73a2c000 r--s 0000c000 08:05 3816229                    /home/slip/.gradle/wrapper/dists/gradle-5.4.1-all/3221gyojl5jsh0helicew7rwx/gradle-5.4.1/lib/plugins/maven-aether-provider-3.0.4.jar
7f7d73a2c000-7f7d73a2d000 r--s 00003000 08:05 3816231                    /home/slip/.gradle/wrapper/dists/gradle-5.4.1-all/3221gyojl5jsh0helicew7rwx/gradle-5.4.1/lib/plugins/aether-spi-1.13.1.jar
7f7d73a2d000-7f7d73a30000 r--s 0001d000 08:05 3816230                    /home/slip/.gradle/wrapper/dists/gradle-5.4.1-all/3221gyojl5jsh0helicew7rwx/gradle-5.4.1/lib/plugins/aether-impl-1.13.1.jar
7f7d73a30000-7f7d73a34000 r--s 0001c000 08:05 3816232                    /home/slip/.gradle/wrapper/dists/gradle-5.4.1-all/3221gyojl5jsh0helicew7rwx/gradle-5.4.1/lib/plugins/aether-util-1.13.1.jar
7f7d73a34000-7f7d73a37000 r--s 00013000 08:05 3816233                    /home/slip/.gradle/wrapper/dists/gradle-5.4.1-all/3221gyojl5jsh0helicew7rwx/gradle-5.4.1/lib/plugins/aether-api-1.13.1.jar
7f7d73a37000-7f7d73a39000 r--s 0000b000 08:05 3816238                    /home/slip/.gradle/wrapper/dists/gradle-5.4.1-all/3221gyojl5jsh0helicew7rwx/gradle-5.4.1/lib/plugins/maven-artifact-3.0.4.jar
7f7d73a39000-7f7d73a3d000 r--s 00021000 08:05 3816239                    /home/slip/.gradle/wrapper/dists/gradle-5.4.1-all/3221gyojl5jsh0helicew7rwx/gradle-5.4.1/lib/plugins/maven-model-builder-3.0.4.jar
7f7d73a3d000-7f7d73a3f000 r--s 00026000 08:05 3816240                    /home/slip/.gradle/wrapper/dists/gradle-5.4.1-all/3221gyojl5jsh0helicew7rwx/gradle-5.4.1/lib/plugins/maven-model-3.0.4.jar
7f7d73a3f000-7f7d73a41000 r--s 0000a000 08:05 3816243                    /home/slip/.gradle/wrapper/dists/gradle-5.4.1-all/3221gyojl5jsh0helicew7rwx/gradle-5.4.1/lib/plugins/maven-settings-3.0.4.jar
7f7d73a41000-7f7d73a43000 r--s 00002000 08:05 3816245                    /home/slip/.gradle/wrapper/dists/gradle-5.4.1-all/3221gyojl5jsh0helicew7rwx/gradle-5.4.1/lib/plugins/plexus-cipher-1.7.jar
7f7d73a43000-7f7d73a44000 r--s 00006000 08:05 3816244                    /home/slip/.gradle/wrapper/dists/gradle-5.4.1-all/3221gyojl5jsh0helicew7rwx/gradle-5.4.1/lib/plugins/plexus-sec-dispatcher-1.3.jar
7f7d73a44000-7f7d73a46000 r--s 00000000 08:05 3816247                    /home/slip/.gradle/wrapper/dists/gradle-5.4.1-all/3221gyojl5jsh0helicew7rwx/gradle-5.4.1/lib/plugins/plexus-component-annotations-1.5.5.jar
7f7d73a46000-7f7d73a4a000 r--s 0003c000 08:05 3816250                    /home/slip/.gradle/wrapper/dists/gradle-5.4.1-all/3221gyojl5jsh0helicew7rwx/gradle-5.4.1/lib/plugins/plexus-utils-3.1.0.jar
7f7d73a4a000-7f7d73a5f000 r--s 00116000 08:05 3816198                    /home/slip/.gradle/wrapper/dists/gradle-5.4.1-all/3221gyojl5jsh0helicew7rwx/gradle-5.4.1/lib/plugins/ivy-2.3.0.jar
7f7d73a5f000-7f7d73a76000 r-xp 00000000 08:05 6821092                    /lib/x86_64-linux-gnu/libgcc_s.so.1
7f7d73a76000-7f7d73c75000 ---p 00017000 08:05 6821092                    /lib/x86_64-linux-gnu/libgcc_s.so.1
7f7d73c75000-7f7d73c76000 r--p 00016000 08:05 6821092                    /lib/x86_64-linux-gnu/libgcc_s.so.1
7f7d73c76000-7f7d73c77000 rw-p 00017000 08:05 6821092                    /lib/x86_64-linux-gnu/libgcc_s.so.1
7f7d73c77000-7f7d73df0000 r-xp 00000000 08:05 1184678                    /usr/lib/x86_64-linux-gnu/libstdc++.so.6.0.25
7f7d73df0000-7f7d73ff0000 ---p 00179000 08:05 1184678                    /usr/lib/x86_64-linux-gnu/libstdc++.so.6.0.25
7f7d73ff0000-7f7d73ffa000 r--p 00179000 08:05 1184678                    /usr/lib/x86_64-linux-gnu/libstdc++.so.6.0.25
7f7d73ffa000-7f7d73ffc000 rw-p 00183000 08:05 1184678                    /usr/lib/x86_64-linux-gnu/libstdc++.so.6.0.25
7f7d73ffc000-7f7d74000000 rw-p 00000000 00:00 0 
7f7d74000000-7f7d74021000 rw-p 00000000 00:00 0 
7f7d74021000-7f7d78000000 ---p 00000000 00:00 0 
7f7d78000000-7f7d78021000 rw-p 00000000 00:00 0 
7f7d78021000-7f7d7c000000 ---p 00000000 00:00 0 
7f7d7c000000-7f7d7db0c000 rw-p 00000000 00:00 0 
7f7d7db0c000-7f7d80000000 ---p 00000000 00:00 0 
7f7d80000000-7f7d80c4b000 rw-p 00000000 00:00 0 
7f7d80c4b000-7f7d84000000 ---p 00000000 00:00 0 
7f7d84000000-7f7d84021000 rw-p 00000000 00:00 0 
7f7d84021000-7f7d88000000 ---p 00000000 00:00 0 
7f7d88000000-7f7d89941000 rw-p 00000000 00:00 0 
7f7d89941000-7f7d8c000000 ---p 00000000 00:00 0 
7f7d8c000000-7f7d8c021000 rw-p 00000000 00:00 0 
7f7d8c021000-7f7d90000000 ---p 00000000 00:00 0 
7f7d90000000-7f7d90021000 rw-p 00000000 00:00 0 
7f7d90021000-7f7d94000000 ---p 00000000 00:00 0 
7f7d94000000-7f7d94025000 rw-p 00000000 00:00 0 
7f7d94025000-7f7d98000000 ---p 00000000 00:00 0 
7f7d98000000-7f7d98021000 rw-p 00000000 00:00 0 
7f7d98021000-7f7d9c000000 ---p 00000000 00:00 0 
7f7d9c000000-7f7d9c021000 rw-p 00000000 00:00 0 
7f7d9c021000-7f7da0000000 ---p 00000000 00:00 0 
7f7da0000000-7f7da0002000 r--s 0000d000 08:05 3816248                    /home/slip/.gradle/wrapper/dists/gradle-5.4.1-all/3221gyojl5jsh0helicew7rwx/gradle-5.4.1/lib/plugins/plexus-interpolation-1.14.jar
7f7da0002000-7f7da0005000 r--s 00008000 08:05 3816242                    /home/slip/.gradle/wrapper/dists/gradle-5.4.1-all/3221gyojl5jsh0helicew7rwx/gradle-5.4.1/lib/plugins/maven-settings-builder-3.0.4.jar
7f7da0005000-7f7da0011000 r--s 0007d000 08:05 3816200                    /home/slip/.gradle/wrapper/dists/gradle-5.4.1-all/3221gyojl5jsh0helicew7rwx/gradle-5.4.1/lib/plugins/maven-core-3.0.4.jar
7f7da0011000-7f7da0016000 r--s 00036000 08:05 3816208                    /home/slip/.gradle/wrapper/dists/gradle-5.4.1-all/3221gyojl5jsh0helicew7rwx/gradle-5.4.1/lib/plugins/gson-2.8.5.jar
7f7da0016000-7f7da0075000 r--s 003f7000 08:05 3816228                    /home/slip/.gradle/wrapper/dists/gradle-5.4.1-all/3221gyojl5jsh0helicew7rwx/gradle-5.4.1/lib/plugins/bcprov-jdk15on-1.61.jar
7f7da0075000-7f7da0076000 r--s 00013000 08:05 3816196                    /home/slip/.gradle/wrapper/dists/gradle-5.4.1-all/3221gyojl5jsh0helicew7rwx/gradle-5.4.1/lib/plugins/asm-util-7.0.jar
7f7da0076000-7f7da00a9000 r--s 001c3000 08:05 3816171                    /home/slip/.gradle/wrapper/dists/gradle-5.4.1-all/3221gyojl5jsh0helicew7rwx/gradle-5.4.1/lib/plugins/gradle-dependency-management-5.4.1.jar
7f7da00a9000-7f7da00ac000 r--s 0000e000 08:05 3816182                    /home/slip/.gradle/wrapper/dists/gradle-5.4.1-all/3221gyojl5jsh0helicew7rwx/gradle-5.4.1/lib/plugins/gradle-workers-5.4.1.jar
7f7da00ac000-7f7da00b2000 r-xp 00000000 08:05 3817094                    /home/slip/.gradle/native/29/linux-amd64/libnative-platform.so
7f7da00b2000-7f7da02b1000 ---p 00006000 08:05 3817094                    /home/slip/.gradle/native/29/linux-amd64/libnative-platform.so
7f7da02b1000-7f7da02b2000 rw-p 00005000 08:05 3817094                    /home/slip/.gradle/native/29/linux-amd64/libnative-platform.so
7f7da02b2000-7f7da02c2000 r-xp 00000000 08:05 7343356                    /home/slip/Downloads/Programas/android-studio/jre/jre/lib/amd64/libnio.so
7f7da02c2000-7f7da02c3000 rw-p 00010000 08:05 7343356                    /home/slip/Downloads/Programas/android-studio/jre/jre/lib/amd64/libnio.so
7f7da02c3000-7f7da32c4000 rw-p 00000000 00:00 0 
7f7da32c4000-7f7da32da000 r-xp 00000000 08:05 7343335                    /home/slip/Downloads/Programas/android-studio/jre/jre/lib/amd64/libnet.so
7f7da32da000-7f7da32db000 rw-p 00016000 08:05 7343335                    /home/slip/Downloads/Programas/android-studio/jre/jre/lib/amd64/libnet.so
7f7da32db000-7f7da32e5000 r--s 00116000 08:05 7343312                    /home/slip/Downloads/Programas/android-studio/jre/jre/lib/ext/localedata.jar
7f7da32e5000-7f7da3300000 r--s 00394000 08:05 7343314                    /home/slip/Downloads/Programas/android-studio/jre/jre/lib/ext/cldrdata.jar
7f7da3300000-7f7da3302000 r--s 00006000 08:05 3816057                    /home/slip/.gradle/wrapper/dists/gradle-5.4.1-all/3221gyojl5jsh0helicew7rwx/gradle-5.4.1/lib/gradle-wrapper-5.4.1.jar
7f7da3302000-7f7da3311000 r--s 0004c000 08:05 3816056                    /home/slip/.gradle/wrapper/dists/gradle-5.4.1-all/3221gyojl5jsh0helicew7rwx/gradle-5.4.1/lib/gradle-tooling-api-5.4.1.jar
7f7da3311000-7f7da331c000 r--s 00081000 08:05 3816115                    /home/slip/.gradle/wrapper/dists/gradle-5.4.1-all/3221gyojl5jsh0helicew7rwx/gradle-5.4.1/lib/trove4j-1.0.20181211.jar
7f7da331c000-7f7da331e000 r--s 00009000 08:05 3816114                    /home/slip/.gradle/wrapper/dists/gradle-5.4.1-all/3221gyojl5jsh0helicew7rwx/gradle-5.4.1/lib/kotlin-script-runtime-1.3.21.jar
7f7da331e000-7f7da3355000 r--s 00255000 08:05 3816108                    /home/slip/.gradle/wrapper/dists/gradle-5.4.1-all/3221gyojl5jsh0helicew7rwx/gradle-5.4.1/lib/kotlin-reflect-1.3.21.jar
7f7da3355000-7f7da3534000 r--s 01b1b000 08:05 3816081                    /home/slip/.gradle/wrapper/dists/gradle-5.4.1-all/3221gyojl5jsh0helicew7rwx/gradle-5.4.1/lib/kotlin-compiler-embeddable-1.3.21-patched-for-gradle-5.4.1.jar
7f7da3534000-7f7da3535000 r--s 00001000 08:05 3816092                    /home/slip/.gradle/wrapper/dists/gradle-5.4.1-all/3221gyojl5jsh0helicew7rwx/gradle-5.4.1/lib/gradle-kotlin-dsl-tooling-models-5.4.1.jar
7f7da3535000-7f7da3543000 r--s 00236000 08:05 3816095                    /home/slip/.gradle/wrapper/dists/gradle-5.4.1-all/3221gyojl5jsh0helicew7rwx/gradle-5.4.1/lib/kotlinx-metadata-jvm-0.0.5.jar
7f7da3543000-7f7da3544000 r--s 00002000 08:05 3816094                    /home/slip/.gradle/wrapper/dists/gradle-5.4.1-all/3221gyojl5jsh0helicew7rwx/gradle-5.4.1/lib/kotlin-sam-with-receiver-compiler-plugin-1.3.21.jar
7f7da3544000-7f7da3546000 r--s 00003000 08:05 3816111                    /home/slip/.gradle/wrapper/dists/gradle-5.4.1-all/3221gyojl5jsh0helicew7rwx/gradle-5.4.1/lib/annotations-13.0.jar
7f7da3546000-7f7da354d000 r--s 0001f000 08:05 3816131                    /home/slip/.gradle/wrapper/dists/gradle-5.4.1-all/3221gyojl5jsh0helicew7rwx/gradle-5.4.1/lib/kotlin-stdlib-common-1.3.21.jar
7f7da354d000-7f7da3560000 r--s 0010f000 08:05 3816110                    /home/slip/.gradle/wrapper/dists/gradle-5.4.1-all/3221gyojl5jsh0helicew7rwx/gradle-5.4.1/lib/kotlin-stdlib-1.3.21.jar
7f7da3560000-7f7da3562000 r--s 00002000 08:05 3816093                    /home/slip/.gradle/wrapper/dists/gradle-5.4.1-all/3221gyojl5jsh0helicew7rwx/gradle-5.4.1/lib/kotlin-stdlib-jdk8-1.3.21.jar
7f7da3562000-7f7da357d000 r--s 0015d000 08:05 3816059                    /home/slip/.gradle/wrapper/dists/gradle-5.4.1-all/3221gyojl5jsh0helicew7rwx/gradle-5.4.1/lib/gradle-kotlin-dsl-5.4.1.jar
7f7da357d000-7f7da3581000 r--s 00013000 08:05 3816064                    /home/slip/.gradle/wrapper/dists/gradle-5.4.1-all/3221gyojl5jsh0helicew7rwx/gradle-5.4.1/lib/gradle-build-cache-5.4.1.jar
7f7da3581000-7f7da3586000 r--s 0001f000 08:05 3816062                    /home/slip/.gradle/wrapper/dists/gradle-5.4.1-all/3221gyojl5jsh0helicew7rwx/gradle-5.4.1/lib/gradle-execution-5.4.1.jar
7f7da3586000-7f7da358a000 r--s 0001a000 08:05 3816066                    /home/slip/.gradle/wrapper/dists/gradle-5.4.1-all/3221gyojl5jsh0helicew7rwx/gradle-5.4.1/lib/gradle-files-5.4.1.jar
7f7da358a000-7f7da358f000 r--s 00026000 08:05 3816065                    /home/slip/.gradle/wrapper/dists/gradle-5.4.1-all/3221gyojl5jsh0helicew7rwx/gradle-5.4.1/lib/gradle-snapshots-5.4.1.jar
7f7da358f000-7f7da3594000 r--s 00015000 08:05 3816073                    /home/slip/.gradle/wrapper/dists/gradle-5.4.1-all/3221gyojl5jsh0helicew7rwx/gradle-5.4.1/lib/gradle-resources-5.4.1.jar
7f7da3594000-7f7da3619000 r--s 007a7000 08:05 3816099                    /home/slip/.gradle/wrapper/dists/gradle-5.4.1-all/3221gyojl5jsh0helicew7rwx/gradle-5.4.1/lib/groovy-all-1.0-2.5.4.jar
7f7da3619000-7f7da361a000 ---p 00000000 00:00 0 
7f7da361a000-7f7da371a000 rw-p 00000000 00:00 0 
7f7da371a000-7f7da371d000 ---p 00000000 00:00 0 
7f7da371d000-7f7da381b000 rw-p 00000000 00:00 0 
7f7da381b000-7f7da381c000 ---p 00000000 00:00 0 
7f7da381c000-7f7da381f000 ---p 00000000 00:00 0 
7f7da381f000-7f7da391c000 rw-p 00000000 00:00 0 
7f7da391c000-7f7da391d000 ---p 00000000 00:00 0 
7f7da391d000-7f7da3920000 ---p 00000000 00:00 0 
7f7da3920000-7f7da3a1d000 rw-p 00000000 00:00 0 
7f7da3a1d000-7f7da3a1e000 ---p 00000000 00:00 0 
7f7da3a1e000-7f7da3a21000 ---p 00000000 00:00 0 
7f7da3a21000-7f7da3b1e000 rw-p 00000000 00:00 0 
7f7da3b1e000-7f7da3b21000 ---p 00000000 00:00 0 
7f7da3b21000-7f7da3c1f000 rw-p 00000000 00:00 0 
7f7da3c1f000-7f7da3eff000 r--p 00000000 08:05 1186943                    /usr/lib/locale/locale-archive
7f7da3eff000-7f7da3f02000 ---p 00000000 00:00 0 
7f7da3f02000-7f7da4000000 rw-p 00000000 00:00 0 
7f7da4000000-7f7da4021000 rw-p 00000000 00:00 0 
7f7da4021000-7f7da8000000 ---p 00000000 00:00 0 
7f7da8000000-7f7da8001000 r--s 00000000 08:05 3816109                    /home/slip/.gradle/wrapper/dists/gradle-5.4.1-all/3221gyojl5jsh0helicew7rwx/gradle-5.4.1/lib/kotlin-stdlib-jdk7-1.3.21.jar
7f7da8001000-7f7da8003000 r--s 00006000 08:05 3816063                    /home/slip/.gradle/wrapper/dists/gradle-5.4.1-all/3221gyojl5jsh0helicew7rwx/gradle-5.4.1/lib/gradle-build-cache-packaging-5.4.1.jar
7f7da8003000-7f7da800a000 r--s 00036000 08:05 3816070                    /home/slip/.gradle/wrapper/dists/gradle-5.4.1-all/3221gyojl5jsh0helicew7rwx/gradle-5.4.1/lib/gradle-persistent-cache-5.4.1.jar
7f7da800a000-7f7da800b000 r--s 00003000 08:05 3816078                    /home/slip/.gradle/wrapper/dists/gradle-5.4.1-all/3221gyojl5jsh0helicew7rwx/gradle-5.4.1/lib/gradle-build-option-5.4.1.jar
7f7da800b000-7f7da800d000 r--s 00005000 08:05 3816079                    /home/slip/.gradle/wrapper/dists/gradle-5.4.1-all/3221gyojl5jsh0helicew7rwx/gradle-5.4.1/lib/gradle-cli-5.4.1.jar
7f7da800d000-7f7da800f000 r--s 00004000 08:05 3816090                    /home/slip/.gradle/wrapper/dists/gradle-5.4.1-all/3221gyojl5jsh0helicew7rwx/gradle-5.4.1/lib/log4j-over-slf4j-1.7.25.jar
7f7da800f000-7f7da8011000 r--s 00000000 08:05 3816089                    /home/slip/.gradle/wrapper/dists/gradle-5.4.1-all/3221gyojl5jsh0helicew7rwx/gradle-5.4.1/lib/jul-to-slf4j-1.7.25.jar
7f7da8011000-7f7da8013000 r--s 00003000 08:05 3816088                    /home/slip/.gradle/wrapper/dists/gradle-5.4.1-all/3221gyojl5jsh0helicew7rwx/gradle-5.4.1/lib/jcl-over-slf4j-1.7.25.jar
7f7da8013000-7f7da801b000 r--s 00038000 08:05 3816071                    /home/slip/.gradle/wrapper/dists/gradle-5.4.1-all/3221gyojl5jsh0helicew7rwx/gradle-5.4.1/lib/gradle-logging-5.4.1.jar
7f7da801b000-7f7da8030000 r--s 000c1000 08:05 3816068                    /home/slip/.gradle/wrapper/dists/gradle-5.4.1-all/3221gyojl5jsh0helicew7rwx/gradle-5.4.1/lib/gradle-model-core-5.4.1.jar
7f7da8030000-7f7da8032000 r--s 00006000 08:05 3816075                    /home/slip/.gradle/wrapper/dists/gradle-5.4.1-all/3221gyojl5jsh0helicew7rwx/gradle-5.4.1/lib/gradle-base-services-groovy-5.4.1.jar
7f7da8032000-7f7da8034000 r--s 00007000 08:05 3816067                    /home/slip/.gradle/wrapper/dists/gradle-5.4.1-all/3221gyojl5jsh0helicew7rwx/gradle-5.4.1/lib/gradle-model-groovy-5.4.1.jar
7f7da8034000-7f7da8035000 r--s 00007000 08:05 3816080                    /home/slip/.gradle/wrapper/dists/gradle-5.4.1-all/3221gyojl5jsh0helicew7rwx/gradle-5.4.1/lib/gradle-docs-5.4.1.jar
7f7da8035000-7f7da803e000 r--s 0002d000 08:05 3816104                    /home/slip/.gradle/wrapper/dists/gradle-5.4.1-all/3221gyojl5jsh0helicew7rwx/gradle-5.4.1/lib/xml-apis-1.4.01.jar
7f7da803e000-7f7da803f000 r--s 00000000 08:05 3816101                    /home/slip/.gradle/wrapper/dists/gradle-5.4.1-all/3221gyojl5jsh0helicew7rwx/gradle-5.4.1/lib/javax.inject-1.jar
7f7da803f000-7f7da804a000 r--s 00086000 08:05 3816103                    /home/slip/.gradle/wrapper/dists/gradle-5.4.1-all/3221gyojl5jsh0helicew7rwx/gradle-5.4.1/lib/commons-compress-1.18.jar
7f7da804a000-7f7da804c000 r--s 00007000 08:05 3816083                    /home/slip/.gradle/wrapper/dists/gradle-5.4.1-all/3221gyojl5jsh0helicew7rwx/gradle-5.4.1/lib/asm-analysis-7.0.jar
7f7da804c000-7f7da804e000 r--s 0000b000 08:05 3816084                    /home/slip/.gradle/wrapper/dists/gradle-5.4.1-all/3221gyojl5jsh0helicew7rwx/gradle-5.4.1/lib/asm-tree-7.0.jar
7f7da804e000-7f7da8050000 r--s 00012000 08:05 3816082                    /home/slip/.gradle/wrapper/dists/gradle-5.4.1-all/3221gyojl5jsh0helicew7rwx/gradle-5.4.1/lib/asm-commons-7.0.jar
7f7da8050000-7f7da8051000 r--s 00004000 08:05 3816116                    /home/slip/.gradle/wrapper/dists/gradle-5.4.1-all/3221gyojl5jsh0helicew7rwx/gradle-5.4.1/lib/native-platform-freebsd-amd64-libcpp-0.17.jar
7f7da8051000-7f7da8052000 r--s 00004000 08:05 3816117                    /home/slip/.gradle/wrapper/dists/gradle-5.4.1-all/3221gyojl5jsh0helicew7rwx/gradle-5.4.1/lib/native-platform-freebsd-amd64-libstdcpp-0.17.jar
7f7da8052000-7f7da8053000 r--s 00004000 08:05 3816118                    /home/slip/.gradle/wrapper/dists/gradle-5.4.1-all/3221gyojl5jsh0helicew7rwx/gradle-5.4.1/lib/native-platform-freebsd-i386-libcpp-0.17.jar
7f7da8053000-7f7da8054000 r--s 00004000 08:05 3816119                    /home/slip/.gradle/wrapper/dists/gradle-5.4.1-all/3221gyojl5jsh0helicew7rwx/gradle-5.4.1/lib/native-platform-freebsd-i386-libstdcpp-0.17.jar
7f7da8054000-7f7da8055000 r--s 00002000 08:05 3816120                    /home/slip/.gradle/wrapper/dists/gradle-5.4.1-all/3221gyojl5jsh0helicew7rwx/gradle-5.4.1/lib/native-platform-linux-amd64-0.17.jar
7f7da8055000-7f7da8056000 r--s 00002000 08:05 3816121                    /home/slip/.gradle/wrapper/dists/gradle-5.4.1-all/3221gyojl5jsh0helicew7rwx/gradle-5.4.1/lib/native-platform-linux-i386-0.17.jar
7f7da8056000-7f7da8057000 r--s 00003000 08:05 3816122                    /home/slip/.gradle/wrapper/dists/gradle-5.4.1-all/3221gyojl5jsh0helicew7rwx/gradle-5.4.1/lib/native-platform-osx-amd64-0.17.jar
7f7da8057000-7f7da8058000 r--s 00010000 08:05 3816123                    /home/slip/.gradle/wrapper/dists/gradle-5.4.1-all/3221gyojl5jsh0helicew7rwx/gradle-5.4.1/lib/native-platform-windows-amd64-0.17.jar
7f7da8058000-7f7da8059000 r--s 00010000 08:05 3816124                    /home/slip/.gradle/wrapper/dists/gradle-5.4.1-all/3221gyojl5jsh0helicew7rwx/gradle-5.4.1/lib/native-platform-windows-amd64-min-0.17.jar
7f7da8059000-7f7da805a000 r--s 0000e000 08:05 3816125                    /home/slip/.gradle/wrapper/dists/gradle-5.4.1-all/3221gyojl5jsh0helicew7rwx/gradle-5.4.1/lib/native-platform-windows-i386-0.17.jar
7f7da805a000-7f7da805b000 r--s 0000e000 08:05 3816126                    /home/slip/.gradle/wrapper/dists/gradle-5.4.1-all/3221gyojl5jsh0helicew7rwx/gradle-5.4.1/lib/native-platform-windows-i386-min-0.17.jar
7f7da805b000-7f7da805d000 r--s 00001000 08:05 3816127                    /home/slip/.gradle/wrapper/dists/gradle-5.4.1-all/3221gyojl5jsh0helicew7rwx/gradle-5.4.1/lib/native-platform-linux-amd64-ncurses5-0.17.jar
7f7da805d000-7f7da8062000 r--s 0001a000 08:05 3816102                    /home/slip/.gradle/wrapper/dists/gradle-5.4.1-all/3221gyojl5jsh0helicew7rwx/gradle-5.4.1/lib/native-platform-0.17.jar
7f7da8062000-7f7da8066000 r--s 00042000 08:05 3816105                    /home/slip/.gradle/wrapper/dists/gradle-5.4.1-all/3221gyojl5jsh0helicew7rwx/gradle-5.4.1/lib/jansi-1.17.1.jar
7f7da8066000-7f7da8096000 r--s 0024b000 08:05 3816096                    /home/slip/.gradle/wrapper/dists/gradle-5.4.1-all/3221gyojl5jsh0helicew7rwx/gradle-5.4.1/lib/guava-26.0-android.jar
7f7da8096000-7f7da80b5000 r--s 001da000 08:05 3816100                    /home/slip/.gradle/wrapper/dists/gradle-5.4.1-all/3221gyojl5jsh0helicew7rwx/gradle-5.4.1/lib/ant-1.9.13.jar
7f7da80b5000-7f7da80f1000 r--s 00203000 08:05 3816060                    /home/slip/.gradle/wrapper/dists/gradle-5.4.1-all/3221gyojl5jsh0helicew7rwx/gradle-5.4.1/lib/gradle-core-5.4.1.jar
7f7da80f1000-7f7da80f4000 ---p 00000000 00:00 0 
7f7da80f4000-7f7da81f2000 rw-p 00000000 00:00 0 
7f7da81f2000-7f7da81f3000 ---p 00000000 00:00 0 
7f7da81f3000-7f7dac000000 rw-p 00000000 00:00 0 
7f7dac000000-7f7dac021000 rw-p 00000000 00:00 0 
7f7dac021000-7f7db0000000 ---p 00000000 00:00 0 
7f7db0000000-7f7db0001000 r--s 00001000 08:05 3816128                    /home/slip/.gradle/wrapper/dists/gradle-5.4.1-all/3221gyojl5jsh0helicew7rwx/gradle-5.4.1/lib/native-platform-linux-amd64-ncurses6-0.17.jar
7f7db0001000-7f7db0005000 r--s 0000c000 08:05 3816074                    /home/slip/.gradle/wrapper/dists/gradle-5.4.1-all/3221gyojl5jsh0helicew7rwx/gradle-5.4.1/lib/gradle-native-5.4.1.jar
7f7db0005000-7f7db0007000 r--s 0000c000 08:05 3816107                    /home/slip/.gradle/wrapper/dists/gradle-5.4.1-all/3221gyojl5jsh0helicew7rwx/gradle-5.4.1/lib/objenesis-2.6.jar
7f7db0007000-7f7db0009000 r--s 00000000 08:05 3816113                    /home/slip/.gradle/wrapper/dists/gradle-5.4.1-all/3221gyojl5jsh0helicew7rwx/gradle-5.4.1/lib/minlog-1.2.jar
7f7db0009000-7f7db000f000 r--s 0004d000 08:05 3816106                    /home/slip/.gradle/wrapper/dists/gradle-5.4.1-all/3221gyojl5jsh0helicew7rwx/gradle-5.4.1/lib/kryo-2.24.0.jar
7f7db000f000-7f7db0016000 r--s 00030000 08:05 3816076                    /home/slip/.gradle/wrapper/dists/gradle-5.4.1-all/3221gyojl5jsh0helicew7rwx/gradle-5.4.1/lib/gradle-messaging-5.4.1.jar
7f7db0016000-7f7db0025000 r--s 00043000 08:05 3816069                    /home/slip/.gradle/wrapper/dists/gradle-5.4.1-all/3221gyojl5jsh0helicew7rwx/gradle-5.4.1/lib/gradle-core-api-5.4.1.jar
7f7db0025000-7f7db0032000 r--s 00067000 08:05 3816077                    /home/slip/.gradle/wrapper/dists/gradle-5.4.1-all/3221gyojl5jsh0helicew7rwx/gradle-5.4.1/lib/gradle-base-services-5.4.1.jar
7f7db0032000-7f7db02b8000 rw-p 00000000 00:00 0 
7f7db02b8000-7f7db048a000 r--s 03cad000 08:05 7343372                    /home/slip/Downloads/Programas/android-studio/jre/jre/lib/rt.jar
7f7db048a000-7f7db1000000 rw-p 00000000 00:00 0 
7f7db1000000-7f7db1860000 rwxp 00000000 00:00 0 
7f7db1860000-7f7dc0000000 ---p 00000000 00:00 0 
7f7dc0000000-7f7dc1188000 rw-p 00000000 00:00 0 
7f7dc1188000-7f7dc4000000 ---p 00000000 00:00 0 
7f7dc4000000-7f7dc4001000 r--s 00001000 08:05 3816129                    /home/slip/.gradle/wrapper/dists/gradle-5.4.1-all/3221gyojl5jsh0helicew7rwx/gradle-5.4.1/lib/native-platform-linux-i386-ncurses5-0.17.jar
7f7dc4001000-7f7dc4003000 r--s 00006000 08:05 3816072                    /home/slip/.gradle/wrapper/dists/gradle-5.4.1-all/3221gyojl5jsh0helicew7rwx/gradle-5.4.1/lib/gradle-process-services-5.4.1.jar
7f7dc4003000-7f7dc4005000 r--s 00000000 08:05 3816061                    /home/slip/.gradle/wrapper/dists/gradle-5.4.1-all/3221gyojl5jsh0helicew7rwx/gradle-5.4.1/lib/gradle-jvm-services-5.4.1.jar
7f7dc4005000-7f7dc4007000 r--s 00003000 08:05 3816097                    /home/slip/.gradle/wrapper/dists/gradle-5.4.1-all/3221gyojl5jsh0helicew7rwx/gradle-5.4.1/lib/jsr305-3.0.2.jar
7f7dc4007000-7f7dc400a000 r--s 0001c000 08:05 3816098                    /home/slip/.gradle/wrapper/dists/gradle-5.4.1-all/3221gyojl5jsh0helicew7rwx/gradle-5.4.1/lib/fastutil-8.2.1-min.jar
7f7dc400a000-7f7dc40b3000 rw-p 00000000 00:00 0 
7f7dc40b3000-7f7dc40b4000 ---p 00000000 00:00 0 
7f7dc40b4000-7f7dc41b4000 rw-p 00000000 00:00 0 
7f7dc41b4000-7f7dc41b5000 ---p 00000000 00:00 0 
7f7dc41b5000-7f7dc42b5000 rw-p 00000000 00:00 0 
7f7dc42b5000-7f7dc42b6000 ---p 00000000 00:00 0 
7f7dc42b6000-7f7dc43b6000 rw-p 00000000 00:00 0 
7f7dc43b6000-7f7dc43b7000 ---p 00000000 00:00 0 
7f7dc43b7000-7f7dc44d8000 rw-p 00000000 00:00 0 
7f7dc44d8000-7f7dc46b7000 ---p 00000000 00:00 0 
7f7dc46b7000-7f7dc46d8000 rw-p 00000000 00:00 0 
7f7dc46d8000-7f7dc48b7000 ---p 00000000 00:00 0 
7f7dc48b7000-7f7dc4920000 rw-p 00000000 00:00 0 
7f7dc4920000-7f7dc49b7000 ---p 00000000 00:00 0 
7f7dc49b7000-7f7dc49da000 rw-p 00000000 00:00 0 
7f7dc49da000-7f7dc4d78000 ---p 00000000 00:00 0 
7f7dc4d78000-7f7dc4d83000 r-xp 00000000 08:05 6821257                    /lib/x86_64-linux-gnu/libnss_files-2.27.so
7f7dc4d83000-7f7dc4f82000 ---p 0000b000 08:05 6821257                    /lib/x86_64-linux-gnu/libnss_files-2.27.so
7f7dc4f82000-7f7dc4f83000 r--p 0000a000 08:05 6821257                    /lib/x86_64-linux-gnu/libnss_files-2.27.so
7f7dc4f83000-7f7dc4f84000 rw-p 0000b000 08:05 6821257                    /lib/x86_64-linux-gnu/libnss_files-2.27.so
7f7dc4f84000-7f7dc4f8a000 rw-p 00000000 00:00 0 
7f7dc4f8a000-7f7dc4fa1000 r-xp 00000000 08:05 6821251                    /lib/x86_64-linux-gnu/libnsl-2.27.so
7f7dc4fa1000-7f7dc51a0000 ---p 00017000 08:05 6821251                    /lib/x86_64-linux-gnu/libnsl-2.27.so
7f7dc51a0000-7f7dc51a1000 r--p 00016000 08:05 6821251                    /lib/x86_64-linux-gnu/libnsl-2.27.so
7f7dc51a1000-7f7dc51a2000 rw-p 00017000 08:05 6821251                    /lib/x86_64-linux-gnu/libnsl-2.27.so
7f7dc51a2000-7f7dc51a4000 rw-p 00000000 00:00 0 
7f7dc51a4000-7f7dc51af000 r-xp 00000000 08:05 6821268                    /lib/x86_64-linux-gnu/libnss_nis-2.27.so
7f7dc51af000-7f7dc53ae000 ---p 0000b000 08:05 6821268                    /lib/x86_64-linux-gnu/libnss_nis-2.27.so
7f7dc53ae000-7f7dc53af000 r--p 0000a000 08:05 6821268                    /lib/x86_64-linux-gnu/libnss_nis-2.27.so
7f7dc53af000-7f7dc53b0000 rw-p 0000b000 08:05 6821268                    /lib/x86_64-linux-gnu/libnss_nis-2.27.so
7f7dc53b0000-7f7dc53b8000 r-xp 00000000 08:05 6821253                    /lib/x86_64-linux-gnu/libnss_compat-2.27.so
7f7dc53b8000-7f7dc55b8000 ---p 00008000 08:05 6821253                    /lib/x86_64-linux-gnu/libnss_compat-2.27.so
7f7dc55b8000-7f7dc55b9000 r--p 00008000 08:05 6821253                    /lib/x86_64-linux-gnu/libnss_compat-2.27.so
7f7dc55b9000-7f7dc55ba000 rw-p 00009000 08:05 6821253                    /lib/x86_64-linux-gnu/libnss_compat-2.27.so
7f7dc55ba000-7f7dc55c1000 r-xp 00000000 08:05 6821308                    /lib/x86_64-linux-gnu/librt-2.27.so
7f7dc55c1000-7f7dc57c0000 ---p 00007000 08:05 6821308                    /lib/x86_64-linux-gnu/librt-2.27.so
7f7dc57c0000-7f7dc57c1000 r--p 00006000 08:05 6821308                    /lib/x86_64-linux-gnu/librt-2.27.so
7f7dc57c1000-7f7dc57c2000 rw-p 00007000 08:05 6821308                    /lib/x86_64-linux-gnu/librt-2.27.so
7f7dc57c2000-7f7dc595f000 r-xp 00000000 08:05 6821230                    /lib/x86_64-linux-gnu/libm-2.27.so
7f7dc595f000-7f7dc5b5e000 ---p 0019d000 08:05 6821230                    /lib/x86_64-linux-gnu/libm-2.27.so
7f7dc5b5e000-7f7dc5b5f000 r--p 0019c000 08:05 6821230                    /lib/x86_64-linux-gnu/libm-2.27.so
7f7dc5b5f000-7f7dc5b60000 rw-p 0019d000 08:05 6821230                    /lib/x86_64-linux-gnu/libm-2.27.so
7f7dc5b60000-7f7dc6786000 r-xp 00000000 08:05 7343349                    /home/slip/Downloads/Programas/android-studio/jre/jre/lib/amd64/server/libjvm.so
7f7dc6786000-7f7dc6856000 rw-p 00c26000 08:05 7343349                    /home/slip/Downloads/Programas/android-studio/jre/jre/lib/amd64/server/libjvm.so
7f7dc6856000-7f7dc689a000 rw-p 00000000 00:00 0 
7f7dc689a000-7f7dc6a81000 r-xp 00000000 08:05 6821167                    /lib/x86_64-linux-gnu/libc-2.27.so
7f7dc6a81000-7f7dc6c81000 ---p 001e7000 08:05 6821167                    /lib/x86_64-linux-gnu/libc-2.27.so
7f7dc6c81000-7f7dc6c85000 r--p 001e7000 08:05 6821167                    /lib/x86_64-linux-gnu/libc-2.27.so
7f7dc6c85000-7f7dc6c87000 rw-p 001eb000 08:05 6821167                    /lib/x86_64-linux-gnu/libc-2.27.so
7f7dc6c87000-7f7dc6c8b000 rw-p 00000000 00:00 0 
7f7dc6c8b000-7f7dc6c8e000 r-xp 00000000 08:05 6821190                    /lib/x86_64-linux-gnu/libdl-2.27.so
7f7dc6c8e000-7f7dc6e8d000 ---p 00003000 08:05 6821190                    /lib/x86_64-linux-gnu/libdl-2.27.so
7f7dc6e8d000-7f7dc6e8e000 r--p 00002000 08:05 6821190                    /lib/x86_64-linux-gnu/libdl-2.27.so
7f7dc6e8e000-7f7dc6e8f000 rw-p 00003000 08:05 6821190                    /lib/x86_64-linux-gnu/libdl-2.27.so
7f7dc6e8f000-7f7dc6ea9000 r-xp 00000000 08:05 6821300                    /lib/x86_64-linux-gnu/libpthread-2.27.so
7f7dc6ea9000-7f7dc70a8000 ---p 0001a000 08:05 6821300                    /lib/x86_64-linux-gnu/libpthread-2.27.so
7f7dc70a8000-7f7dc70a9000 r--p 00019000 08:05 6821300                    /lib/x86_64-linux-gnu/libpthread-2.27.so
7f7dc70a9000-7f7dc70aa000 rw-p 0001a000 08:05 6821300                    /lib/x86_64-linux-gnu/libpthread-2.27.so
7f7dc70aa000-7f7dc70ae000 rw-p 00000000 00:00 0 
7f7dc70ae000-7f7dc70d5000 r-xp 00000000 08:05 6821139                    /lib/x86_64-linux-gnu/ld-2.27.so
7f7dc70d5000-7f7dc70d6000 r--s 00001000 08:05 3816130                    /home/slip/.gradle/wrapper/dists/gradle-5.4.1-all/3221gyojl5jsh0helicew7rwx/gradle-5.4.1/lib/native-platform-linux-i386-ncurses6-0.17.jar
7f7dc70d6000-7f7dc70db000 r--s 00041000 08:05 3816087                    /home/slip/.gradle/wrapper/dists/gradle-5.4.1-all/3221gyojl5jsh0helicew7rwx/gradle-5.4.1/lib/commons-lang-2.6.jar
7f7dc70db000-7f7dc70df000 r--s 00031000 08:05 3816086                    /home/slip/.gradle/wrapper/dists/gradle-5.4.1-all/3221gyojl5jsh0helicew7rwx/gradle-5.4.1/lib/commons-io-2.6.jar
7f7dc70df000-7f7dc70e1000 r--s 0001a000 08:05 3816085                    /home/slip/.gradle/wrapper/dists/gradle-5.4.1-all/3221gyojl5jsh0helicew7rwx/gradle-5.4.1/lib/asm-7.0.jar
7f7dc70e1000-7f7dc70ee000 r--s 0006d000 08:05 3816054                    /home/slip/.gradle/wrapper/dists/gradle-5.4.1-all/3221gyojl5jsh0helicew7rwx/gradle-5.4.1/lib/gradle-launcher-5.4.1.jar
7f7dc70ee000-7f7dc7155000 rw-p 00000000 00:00 0 
7f7dc7155000-7f7dc7170000 r-xp 00000000 08:05 7343331                    /home/slip/Downloads/Programas/android-studio/jre/jre/lib/amd64/libzip.so
7f7dc7170000-7f7dc7171000 rw-p 0001a000 08:05 7343331                    /home/slip/Downloads/Programas/android-studio/jre/jre/lib/amd64/libzip.so
7f7dc7171000-7f7dc719b000 r-xp 00000000 08:05 7343339                    /home/slip/Downloads/Programas/android-studio/jre/jre/lib/amd64/libjava.so
7f7dc719b000-7f7dc719d000 rw-p 0002a000 08:05 7343339                    /home/slip/Downloads/Programas/android-studio/jre/jre/lib/amd64/libjava.so
7f7dc719d000-7f7dc719e000 ---p 00000000 00:00 0 
7f7dc719e000-7f7dc71a1000 ---p 00000000 00:00 0 
7f7dc71a1000-7f7dc72a0000 rw-p 00000000 00:00 0 
7f7dc72a0000-7f7dc72b6000 r-xp 00000000 08:05 7343230                    /home/slip/Downloads/Programas/android-studio/jre/lib/amd64/jli/libjli.so
7f7dc72b6000-7f7dc72b7000 rw-p 00015000 08:05 7343230                    /home/slip/Downloads/Programas/android-studio/jre/lib/amd64/jli/libjli.so
7f7dc72b7000-7f7dc72b9000 r--s 00009000 08:05 3816091                    /home/slip/.gradle/wrapper/dists/gradle-5.4.1-all/3221gyojl5jsh0helicew7rwx/gradle-5.4.1/lib/slf4j-api-1.7.25.jar
7f7dc72b9000-7f7dc72ba000 r--s 00004000 08:05 3816112                    /home/slip/.gradle/wrapper/dists/gradle-5.4.1-all/3221gyojl5jsh0helicew7rwx/gradle-5.4.1/lib/ant-launcher-1.9.13.jar
7f7dc72ba000-7f7dc72c2000 rw-s 00000000 08:05 4859199                    /tmp/hsperfdata_slip/8608
7f7dc72c2000-7f7dc72c3000 rw-p 00000000 00:00 0 
7f7dc72c3000-7f7dc72c4000 r--p 00000000 00:00 0 
7f7dc72c4000-7f7dc72d1000 r-xp 00000000 08:05 7343327                    /home/slip/Downloads/Programas/android-studio/jre/jre/lib/amd64/libverify.so
7f7dc72d1000-7f7dc72d3000 rw-p 0000c000 08:05 7343327                    /home/slip/Downloads/Programas/android-studio/jre/jre/lib/amd64/libverify.so
7f7dc72d3000-7f7dc72d5000 rw-p 00000000 00:00 0 
7f7dc72d5000-7f7dc72d6000 r--p 00027000 08:05 6821139                    /lib/x86_64-linux-gnu/ld-2.27.so
7f7dc72d6000-7f7dc72d7000 rw-p 00028000 08:05 6821139                    /lib/x86_64-linux-gnu/ld-2.27.so
7f7dc72d7000-7f7dc72d8000 rw-p 00000000 00:00 0 
7ffc31eb5000-7ffc31ed6000 rw-p 00000000 00:00 0                          [stack]
7ffc31ef7000-7ffc31efa000 r--p 00000000 00:00 0                          [vvar]
7ffc31efa000-7ffc31efc000 r-xp 00000000 00:00 0                          [vdso]
ffffffffff600000-ffffffffff601000 r-xp 00000000 00:00 0                  [vsyscall]

VM Arguments:
jvm_args: -Xmx1536m -Dfile.encoding=UTF-8 -Duser.country=BR -Duser.language=pt -Duser.variant 
java_command: org.gradle.launcher.daemon.bootstrap.GradleDaemon 5.4.1
java_class_path (initial): /home/slip/.gradle/wrapper/dists/gradle-5.4.1-all/3221gyojl5jsh0helicew7rwx/gradle-5.4.1/lib/gradle-launcher-5.4.1.jar
Launcher Type: SUN_STANDARD

Environment Variables:
PATH=/usr/local/sbin:/usr/local/bin:/usr/sbin:/usr/bin:/sbin:/bin:/usr/games:/usr/local/games
SHELL=/bin/bash
DISPLAY=:0

Signal Handlers:
SIGSEGV: [libjvm.so+0xa09650], sa_mask[0]=11111111011111111101111111111110, sa_flags=SA_RESTART|SA_SIGINFO
SIGBUS: [libjvm.so+0xa09650], sa_mask[0]=11111111011111111101111111111110, sa_flags=SA_RESTART|SA_SIGINFO
SIGFPE: [libjvm.so+0x86bc60], sa_mask[0]=11111111011111111101111111111110, sa_flags=SA_RESTART|SA_SIGINFO
SIGPIPE: [libjvm.so+0x86bc60], sa_mask[0]=11111111011111111101111111111110, sa_flags=SA_RESTART|SA_SIGINFO
SIGXFSZ: [libjvm.so+0x86bc60], sa_mask[0]=11111111011111111101111111111110, sa_flags=SA_RESTART|SA_SIGINFO
SIGILL: [libjvm.so+0x86bc60], sa_mask[0]=11111111011111111101111111111110, sa_flags=SA_RESTART|SA_SIGINFO
SIGUSR1: SIG_DFL, sa_mask[0]=00000000000000000000000000000000, sa_flags=none
SIGUSR2: [libjvm.so+0x86bb30], sa_mask[0]=00100000000000000000000000000000, sa_flags=SA_RESTART|SA_SIGINFO
SIGHUP: [libjvm.so+0x86bd20], sa_mask[0]=11111111011111111101111111111110, sa_flags=SA_RESTART|SA_SIGINFO
SIGINT: [libjvm.so+0x86bd20], sa_mask[0]=11111111011111111101111111111110, sa_flags=SA_RESTART|SA_SIGINFO
SIGTERM: [libjvm.so+0x86bd20], sa_mask[0]=11111111011111111101111111111110, sa_flags=SA_RESTART|SA_SIGINFO
SIGQUIT: [libjvm.so+0x86bd20], sa_mask[0]=11111111011111111101111111111110, sa_flags=SA_RESTART|SA_SIGINFO


---------------  S Y S T E M  ---------------

OS:DISTRIB_ID=LinuxMint
DISTRIB_RELEASE=19.1
DISTRIB_CODENAME=tessa
DISTRIB_DESCRIPTION="Linux Mint 19.1 Tessa"

uname:Linux 4.15.0-70-generic #79-Ubuntu SMP Tue Nov 12 10:36:11 UTC 2019 x86_64
libc:glibc 2.27 NPTL 2.27 
rlimit: STACK 8192k, CORE 0k, NPROC 30941, NOFILE 1048576, AS infinity
load average:5,54 4,66 3,93

/proc/meminfo:
MemTotal:        8076744 kB
MemFree:         1914424 kB
MemAvailable:    4466940 kB
Buffers:          589136 kB
Cached:          2267024 kB
SwapCached:            0 kB
Active:          3922892 kB
Inactive:        1687188 kB
Active(anon):    2758660 kB
Inactive(anon):   362924 kB
Active(file):    1164232 kB
Inactive(file):  1324264 kB
Unevictable:          64 kB
Mlocked:              64 kB
SwapTotal:       2097148 kB
SwapFree:        2097148 kB
Dirty:             55200 kB
Writeback:             0 kB
AnonPages:       2754136 kB
Mapped:           658040 kB
Shmem:            367668 kB
Slab:             414136 kB
SReclaimable:     367028 kB
SUnreclaim:        47108 kB
KernelStack:       10144 kB
PageTables:        43564 kB
NFS_Unstable:          0 kB
Bounce:                0 kB
WritebackTmp:          0 kB
CommitLimit:     6135520 kB
Committed_AS:    7480576 kB
VmallocTotal:   34359738367 kB
VmallocUsed:           0 kB
VmallocChunk:          0 kB
HardwareCorrupted:     0 kB
AnonHugePages:         0 kB
ShmemHugePages:        0 kB
ShmemPmdMapped:        0 kB
CmaTotal:              0 kB
CmaFree:               0 kB
HugePages_Total:       0
HugePages_Free:        0
HugePages_Rsvd:        0
HugePages_Surp:        0
Hugepagesize:       2048 kB
DirectMap4k:      223664 kB
DirectMap2M:     8073216 kB
DirectMap1G:           0 kB

container (cgroup) information:
container_type: cgroupv1
cpu_cpuset_cpus: 0-3
cpu_memory_nodes: 0
active_processor_count: 4
cpu_quota: -1
cpu_period: 100000
cpu_shares: -1
memory_limit_in_bytes: -1
memory_and_swap_limit_in_bytes: -2
memory_soft_limit_in_bytes: -1
memory_usage_in_bytes: 5745471488
memory_max_usage_in_bytes: 0


CPU:total 4 (initial active 4) (2 cores per cpu, 2 threads per core) family 6 model 142 stepping 9, cmov, cx8, fxsr, mmx, sse, sse2, sse3, ssse3, sse4.1, sse4.2, popcnt, avx, avx2, aes, clmul, erms, 3dnowpref, lzcnt, ht, tsc, tscinvbit, bmi1, bmi2, adx

/proc/cpuinfo:
processor	: 0
vendor_id	: GenuineIntel
cpu family	: 6
model		: 142
model name	: Intel(R) Core(TM) i5-7200U CPU @ 2.50GHz
stepping	: 9
microcode	: 0xca
cpu MHz		: 2900.002
cache size	: 3072 KB
physical id	: 0
siblings	: 4
core id		: 0
cpu cores	: 2
apicid		: 0
initial apicid	: 0
fpu		: yes
fpu_exception	: yes
cpuid level	: 22
wp		: yes
flags		: fpu vme de pse tsc msr pae mce cx8 apic sep mtrr pge mca cmov pat pse36 clflush dts acpi mmx fxsr sse sse2 ss ht tm pbe syscall nx pdpe1gb rdtscp lm constant_tsc art arch_perfmon pebs bts rep_good nopl xtopology nonstop_tsc cpuid aperfmperf tsc_known_freq pni pclmulqdq dtes64 monitor ds_cpl vmx est tm2 ssse3 sdbg fma cx16 xtpr pdcm pcid sse4_1 sse4_2 x2apic movbe popcnt tsc_deadline_timer aes xsave avx f16c rdrand lahf_lm abm 3dnowprefetch cpuid_fault epb invpcid_single pti ssbd ibrs ibpb stibp tpr_shadow vnmi flexpriority ept vpid fsgsbase tsc_adjust bmi1 avx2 smep bmi2 erms invpcid mpx rdseed adx smap clflushopt intel_pt xsaveopt xsavec xgetbv1 xsaves dtherm ida arat pln pts hwp hwp_notify hwp_act_window hwp_epp md_clear flush_l1d
bugs		: cpu_meltdown spectre_v1 spectre_v2 spec_store_bypass l1tf mds swapgs itlb_multihit
bogomips	: 5424.00
clflush size	: 64
cache_alignment	: 64
address sizes	: 39 bits physical, 48 bits virtual
power management:

processor	: 1
vendor_id	: GenuineIntel
cpu family	: 6
model		: 142
model name	: Intel(R) Core(TM) i5-7200U CPU @ 2.50GHz
stepping	: 9
microcode	: 0xca
cpu MHz		: 2899.999
cache size	: 3072 KB
physical id	: 0
siblings	: 4
core id		: 1
cpu cores	: 2
apicid		: 2
initial apicid	: 2
fpu		: yes
fpu_exception	: yes
cpuid level	: 22
wp		: yes
flags		: fpu vme de pse tsc msr pae mce cx8 apic sep mtrr pge mca cmov pat pse36 clflush dts acpi mmx fxsr sse sse2 ss ht tm pbe syscall nx pdpe1gb rdtscp lm constant_tsc art arch_perfmon pebs bts rep_good nopl xtopology nonstop_tsc cpuid aperfmperf tsc_known_freq pni pclmulqdq dtes64 monitor ds_cpl vmx est tm2 ssse3 sdbg fma cx16 xtpr pdcm pcid sse4_1 sse4_2 x2apic movbe popcnt tsc_deadline_timer aes xsave avx f16c rdrand lahf_lm abm 3dnowprefetch cpuid_fault epb invpcid_single pti ssbd ibrs ibpb stibp tpr_shadow vnmi flexpriority ept vpid fsgsbase tsc_adjust bmi1 avx2 smep bmi2 erms invpcid mpx rdseed adx smap clflushopt intel_pt xsaveopt xsavec xgetbv1 xsaves dtherm ida arat pln pts hwp hwp_notify hwp_act_window hwp_epp md_clear flush_l1d
bugs		: cpu_meltdown spectre_v1 spectre_v2 spec_store_bypass l1tf mds swapgs itlb_multihit
bogomips	: 5424.00
clflush size	: 64
cache_alignment	: 64
address sizes	: 39 bits physical, 48 bits virtual
power management:

processor	: 2
vendor_id	: GenuineIntel
cpu family	: 6
model		: 142
model name	: Intel(R) Core(TM) i5-7200U CPU @ 2.50GHz
stepping	: 9
microcode	: 0xca
cpu MHz		: 2900.000
cache size	: 3072 KB
physical id	: 0
siblings	: 4
core id		: 0
cpu cores	: 2
apicid		: 1
initial apicid	: 1
fpu		: yes
fpu_exception	: yes
cpuid level	: 22
wp		: yes
flags		: fpu vme de pse tsc msr pae mce cx8 apic sep mtrr pge mca cmov pat pse36 clflush dts acpi mmx fxsr sse sse2 ss ht tm pbe syscall nx pdpe1gb rdtscp lm constant_tsc art arch_perfmon pebs bts rep_good nopl xtopology nonstop_tsc cpuid aperfmperf tsc_known_freq pni pclmulqdq dtes64 monitor ds_cpl vmx est tm2 ssse3 sdbg fma cx16 xtpr pdcm pcid sse4_1 sse4_2 x2apic movbe popcnt tsc_deadline_timer aes xsave avx f16c rdrand lahf_lm abm 3dnowprefetch cpuid_fault epb invpcid_single pti ssbd ibrs ibpb stibp tpr_shadow vnmi flexpriority ept vpid fsgsbase tsc_adjust bmi1 avx2 smep bmi2 erms invpcid mpx rdseed adx smap clflushopt intel_pt xsaveopt xsavec xgetbv1 xsaves dtherm ida arat pln pts hwp hwp_notify hwp_act_window hwp_epp md_clear flush_l1d
bugs		: cpu_meltdown spectre_v1 spectre_v2 spec_store_bypass l1tf mds swapgs itlb_multihit
bogomips	: 5424.00
clflush size	: 64
cache_alignment	: 64
address sizes	: 39 bits physical, 48 bits virtual
power management:

processor	: 3
vendor_id	: GenuineIntel
cpu family	: 6
model		: 142
model name	: Intel(R) Core(TM) i5-7200U CPU @ 2.50GHz
stepping	: 9
microcode	: 0xca
cpu MHz		: 2899.999
cache size	: 3072 KB
physical id	: 0
siblings	: 4
core id		: 1
cpu cores	: 2
apicid		: 3
initial apicid	: 3
fpu		: yes
fpu_exception	: yes
cpuid level	: 22
wp		: yes
flags		: fpu vme de pse tsc msr pae mce cx8 apic sep mtrr pge mca cmov pat pse36 clflush dts acpi mmx fxsr sse sse2 ss ht tm pbe syscall nx pdpe1gb rdtscp lm constant_tsc art arch_perfmon pebs bts rep_good nopl xtopology nonstop_tsc cpuid aperfmperf tsc_known_freq pni pclmulqdq dtes64 monitor ds_cpl vmx est tm2 ssse3 sdbg fma cx16 xtpr pdcm pcid sse4_1 sse4_2 x2apic movbe popcnt tsc_deadline_timer aes xsave avx f16c rdrand lahf_lm abm 3dnowprefetch cpuid_fault epb invpcid_single pti ssbd ibrs ibpb stibp tpr_shadow vnmi flexpriority ept vpid fsgsbase tsc_adjust bmi1 avx2 smep bmi2 erms invpcid mpx rdseed adx smap clflushopt intel_pt xsaveopt xsavec xgetbv1 xsaves dtherm ida arat pln pts hwp hwp_notify hwp_act_window hwp_epp md_clear flush_l1d
bugs		: cpu_meltdown spectre_v1 spectre_v2 spec_store_bypass l1tf mds swapgs itlb_multihit
bogomips	: 5424.00
clflush size	: 64
cache_alignment	: 64
address sizes	: 39 bits physical, 48 bits virtual
power management:



Memory: 4k page, physical 8076744k(1913724k free), swap 2097148k(2097148k free)

vm_info: OpenJDK 64-Bit Server VM (25.202-b49-5587405) for linux-amd64 JRE (1.8.0_202-release-1483-b49-5587405), built by "android-build" with gcc 4.8

time: Sun Jun  7 11:29:38 2020
timezone: -03
elapsed time: 7 seconds (0d 0h 0m 7s)

